FATAL [Thread-3] 2020-11-25 18:40:38,955 repast.simphony.ui.GUIScheduleRunner - RunTimeException when running the schedule
Current tick (8.0)
java.lang.RuntimeException: java.lang.reflect.InvocationTargetException
	at repast.simphony.engine.schedule.DynamicTargetAction.execute(DynamicTargetAction.java:72)
	at repast.simphony.engine.controller.ScheduledMethodControllerAction$ScheduleMethodAllAction.execute(ScheduledMethodControllerAction.java:336)
	at repast.simphony.engine.schedule.DefaultAction.execute(DefaultAction.java:38)
	at repast.simphony.engine.schedule.ScheduleGroup.executeList(ScheduleGroup.java:205)
	at repast.simphony.engine.schedule.ScheduleGroup.execute(ScheduleGroup.java:231)
	at repast.simphony.engine.schedule.Schedule.execute(Schedule.java:352)
	at repast.simphony.ui.GUIScheduleRunner$ScheduleLoopRunnable.run(GUIScheduleRunner.java:52)
	at java.base/java.lang.Thread.run(Thread.java:834)
Caused by: java.lang.reflect.InvocationTargetException
	at agents.Relay$$FastClassByCGLIB$$115bda91.invoke(<generated>)
	at net.sf.cglib.reflect.FastMethod.invoke(FastMethod.java:53)
	at repast.simphony.engine.schedule.DynamicTargetAction.execute(DynamicTargetAction.java:69)
	... 7 more
Caused by: java.util.ConcurrentModificationException
	at java.base/java.util.LinkedHashMap$LinkedHashIterator.nextNode(LinkedHashMap.java:719)
	at java.base/java.util.LinkedHashMap$LinkedKeyIterator.next(LinkedHashMap.java:741)
	at java.base/java.util.Collections$UnmodifiableCollection$1.next(Collections.java:1047)
	at pear2Pear_DS2_Assignment1.TopologyManager.removeRelay(TopologyManager.java:80)
	at agents.Relay.crash(Relay.java:304)
	... 10 more
FATAL [Thread-3] 2020-11-25 18:45:20,631 repast.simphony.ui.GUIScheduleRunner - RunTimeException when running the schedule
Current tick (5.0)
java.lang.RuntimeException: java.lang.reflect.InvocationTargetException
	at repast.simphony.engine.schedule.DynamicTargetAction.execute(DynamicTargetAction.java:72)
	at repast.simphony.engine.controller.ScheduledMethodControllerAction$ScheduleMethodAllAction.execute(ScheduledMethodControllerAction.java:336)
	at repast.simphony.engine.schedule.DefaultAction.execute(DefaultAction.java:38)
	at repast.simphony.engine.schedule.ScheduleGroup.executeList(ScheduleGroup.java:205)
	at repast.simphony.engine.schedule.ScheduleGroup.execute(ScheduleGroup.java:231)
	at repast.simphony.engine.schedule.Schedule.execute(Schedule.java:352)
	at repast.simphony.ui.GUIScheduleRunner$ScheduleLoopRunnable.run(GUIScheduleRunner.java:52)
	at java.base/java.lang.Thread.run(Thread.java:834)
Caused by: java.lang.reflect.InvocationTargetException
	at agents.Relay$$FastClassByCGLIB$$115bda91.invoke(<generated>)
	at net.sf.cglib.reflect.FastMethod.invoke(FastMethod.java:53)
	at repast.simphony.engine.schedule.DynamicTargetAction.execute(DynamicTargetAction.java:69)
	... 7 more
Caused by: java.util.ConcurrentModificationException
	at java.base/java.util.LinkedHashMap$LinkedHashIterator.nextNode(LinkedHashMap.java:719)
	at java.base/java.util.LinkedHashMap$LinkedKeyIterator.next(LinkedHashMap.java:741)
	at java.base/java.util.Collections$UnmodifiableCollection$1.next(Collections.java:1047)
	at pear2Pear_DS2_Assignment1.TopologyManager.removeRelay(TopologyManager.java:83)
	at agents.Relay.crash(Relay.java:304)
	... 10 more
FATAL [Thread-2] 2020-11-25 18:46:54,975 repast.simphony.ui.GUIScheduleRunner - RunTimeException when running the schedule
Current tick (7.0)
java.lang.RuntimeException: java.lang.reflect.InvocationTargetException
	at repast.simphony.engine.schedule.DynamicTargetAction.execute(DynamicTargetAction.java:72)
	at repast.simphony.engine.controller.ScheduledMethodControllerAction$ScheduleMethodAllAction.execute(ScheduledMethodControllerAction.java:336)
	at repast.simphony.engine.schedule.DefaultAction.execute(DefaultAction.java:38)
	at repast.simphony.engine.schedule.ScheduleGroup.executeList(ScheduleGroup.java:205)
	at repast.simphony.engine.schedule.ScheduleGroup.execute(ScheduleGroup.java:231)
	at repast.simphony.engine.schedule.Schedule.execute(Schedule.java:352)
	at repast.simphony.ui.GUIScheduleRunner$ScheduleLoopRunnable.run(GUIScheduleRunner.java:52)
	at java.base/java.lang.Thread.run(Thread.java:834)
Caused by: java.lang.reflect.InvocationTargetException
	at agents.Relay$$FastClassByCGLIB$$115bda91.invoke(<generated>)
	at net.sf.cglib.reflect.FastMethod.invoke(FastMethod.java:53)
	at repast.simphony.engine.schedule.DynamicTargetAction.execute(DynamicTargetAction.java:69)
	... 7 more
Caused by: java.util.ConcurrentModificationException
	at java.base/java.util.LinkedHashMap$LinkedHashIterator.nextNode(LinkedHashMap.java:719)
	at java.base/java.util.LinkedHashMap$LinkedKeyIterator.next(LinkedHashMap.java:741)
	at java.base/java.util.Collections$UnmodifiableCollection$1.next(Collections.java:1047)
	at pear2Pear_DS2_Assignment1.TopologyManager.removeRelay(TopologyManager.java:83)
	at agents.Relay.crash(Relay.java:304)
	... 10 more
FATAL [Thread-2] 2020-11-27 13:55:34,419 repast.simphony.ui.GUIScheduleRunner - RunTimeException when running the schedule
Current tick (122.0)
java.lang.RuntimeException: java.lang.reflect.InvocationTargetException
	at repast.simphony.engine.schedule.DynamicTargetAction.execute(DynamicTargetAction.java:72)
	at repast.simphony.engine.controller.ScheduledMethodControllerAction$ScheduleMethodAllAction.execute(ScheduledMethodControllerAction.java:336)
	at repast.simphony.engine.schedule.DefaultAction.execute(DefaultAction.java:38)
	at repast.simphony.engine.schedule.ScheduleGroup.executeList(ScheduleGroup.java:205)
	at repast.simphony.engine.schedule.ScheduleGroup.execute(ScheduleGroup.java:231)
	at repast.simphony.engine.schedule.Schedule.execute(Schedule.java:352)
	at repast.simphony.ui.GUIScheduleRunner$ScheduleLoopRunnable.run(GUIScheduleRunner.java:52)
	at java.base/java.lang.Thread.run(Thread.java:834)
Caused by: java.lang.reflect.InvocationTargetException
	at communication.DiscretePropagation$$FastClassByCGLIB$$51222edb.invoke(<generated>)
	at net.sf.cglib.reflect.FastMethod.invoke(FastMethod.java:53)
	at repast.simphony.engine.schedule.DynamicTargetAction.execute(DynamicTargetAction.java:69)
	... 7 more
Caused by: java.lang.NullPointerException
	at agents.Relay.releaseBandwidth(Relay.java:499)
	at communication.DiscretePropagation.propagate(DiscretePropagation.java:99)
	... 10 more
FATAL [Thread-2] 2020-11-27 14:00:42,203 repast.simphony.ui.GUIScheduleRunner - RunTimeException when running the schedule
Current tick (48.0)
java.lang.RuntimeException: java.lang.reflect.InvocationTargetException
	at repast.simphony.engine.schedule.DynamicTargetAction.execute(DynamicTargetAction.java:72)
	at repast.simphony.engine.controller.ScheduledMethodControllerAction$ScheduleMethodAllAction.execute(ScheduledMethodControllerAction.java:336)
	at repast.simphony.engine.schedule.DefaultAction.execute(DefaultAction.java:38)
	at repast.simphony.engine.schedule.ScheduleGroup.executeList(ScheduleGroup.java:205)
	at repast.simphony.engine.schedule.ScheduleGroup.execute(ScheduleGroup.java:231)
	at repast.simphony.engine.schedule.Schedule.execute(Schedule.java:352)
	at repast.simphony.ui.GUIScheduleRunner$ScheduleLoopRunnable.run(GUIScheduleRunner.java:52)
	at java.base/java.lang.Thread.run(Thread.java:834)
Caused by: java.lang.reflect.InvocationTargetException
	at communication.DiscretePropagation$$FastClassByCGLIB$$51222edb.invoke(<generated>)
	at net.sf.cglib.reflect.FastMethod.invoke(FastMethod.java:53)
	at repast.simphony.engine.schedule.DynamicTargetAction.execute(DynamicTargetAction.java:69)
	... 7 more
Caused by: java.lang.NullPointerException
	at agents.Relay.releaseBandwidth(Relay.java:499)
	at communication.DiscretePropagation.propagate(DiscretePropagation.java:98)
	... 10 more
FATAL [Thread-3] 2020-11-27 14:04:31,007 repast.simphony.ui.GUIScheduleRunner - RunTimeException when running the schedule
Current tick (8.0)
java.lang.RuntimeException: java.lang.reflect.InvocationTargetException
	at repast.simphony.engine.schedule.DynamicTargetAction.execute(DynamicTargetAction.java:72)
	at repast.simphony.engine.controller.ScheduledMethodControllerAction$ScheduleMethodAllAction.execute(ScheduledMethodControllerAction.java:336)
	at repast.simphony.engine.schedule.DefaultAction.execute(DefaultAction.java:38)
	at repast.simphony.engine.schedule.ScheduleGroup.executeList(ScheduleGroup.java:205)
	at repast.simphony.engine.schedule.ScheduleGroup.execute(ScheduleGroup.java:231)
	at repast.simphony.engine.schedule.Schedule.execute(Schedule.java:352)
	at repast.simphony.ui.GUIScheduleRunner$ScheduleLoopRunnable.run(GUIScheduleRunner.java:52)
	at java.base/java.lang.Thread.run(Thread.java:834)
Caused by: java.lang.reflect.InvocationTargetException
	at communication.DiscretePropagation$$FastClassByCGLIB$$51222edb.invoke(<generated>)
	at net.sf.cglib.reflect.FastMethod.invoke(FastMethod.java:53)
	at repast.simphony.engine.schedule.DynamicTargetAction.execute(DynamicTargetAction.java:69)
	... 7 more
Caused by: java.lang.NullPointerException
	at agents.Relay.releaseBandwidth(Relay.java:499)
	at communication.DiscretePropagation.propagate(DiscretePropagation.java:98)
	... 10 more
FATAL [Thread-2] 2020-11-27 14:12:18,582 repast.simphony.ui.GUIScheduleRunner - RunTimeException when running the schedule
Current tick (26.0)
java.lang.RuntimeException: java.lang.reflect.InvocationTargetException
	at repast.simphony.engine.schedule.DynamicTargetAction.execute(DynamicTargetAction.java:72)
	at repast.simphony.engine.controller.ScheduledMethodControllerAction$ScheduleMethodAllAction.execute(ScheduledMethodControllerAction.java:336)
	at repast.simphony.engine.schedule.DefaultAction.execute(DefaultAction.java:38)
	at repast.simphony.engine.schedule.ScheduleGroup.executeList(ScheduleGroup.java:205)
	at repast.simphony.engine.schedule.ScheduleGroup.execute(ScheduleGroup.java:231)
	at repast.simphony.engine.schedule.Schedule.execute(Schedule.java:352)
	at repast.simphony.ui.GUIScheduleRunner$ScheduleLoopRunnable.run(GUIScheduleRunner.java:52)
	at java.base/java.lang.Thread.run(Thread.java:834)
Caused by: java.lang.reflect.InvocationTargetException
	at communication.DiscretePropagation$$FastClassByCGLIB$$51222edb.invoke(<generated>)
	at net.sf.cglib.reflect.FastMethod.invoke(FastMethod.java:53)
	at repast.simphony.engine.schedule.DynamicTargetAction.execute(DynamicTargetAction.java:69)
	... 7 more
Caused by: java.lang.NullPointerException
	at agents.Relay.releaseBandwidth(Relay.java:499)
	at communication.DiscretePropagation.propagate(DiscretePropagation.java:98)
	... 10 more
FATAL [Thread-2] 2020-11-27 14:14:16,180 repast.simphony.ui.GUIScheduleRunner - RunTimeException when running the schedule
Current tick (15.0)
java.lang.RuntimeException: java.lang.reflect.InvocationTargetException
	at repast.simphony.engine.schedule.DynamicTargetAction.execute(DynamicTargetAction.java:72)
	at repast.simphony.engine.controller.ScheduledMethodControllerAction$ScheduleMethodAllAction.execute(ScheduledMethodControllerAction.java:336)
	at repast.simphony.engine.schedule.DefaultAction.execute(DefaultAction.java:38)
	at repast.simphony.engine.schedule.ScheduleGroup.executeList(ScheduleGroup.java:205)
	at repast.simphony.engine.schedule.ScheduleGroup.execute(ScheduleGroup.java:231)
	at repast.simphony.engine.schedule.Schedule.execute(Schedule.java:352)
	at repast.simphony.ui.GUIScheduleRunner$ScheduleLoopRunnable.run(GUIScheduleRunner.java:52)
	at java.base/java.lang.Thread.run(Thread.java:834)
Caused by: java.lang.reflect.InvocationTargetException
	at communication.DiscretePropagation$$FastClassByCGLIB$$51222edb.invoke(<generated>)
	at net.sf.cglib.reflect.FastMethod.invoke(FastMethod.java:53)
	at repast.simphony.engine.schedule.DynamicTargetAction.execute(DynamicTargetAction.java:69)
	... 7 more
Caused by: java.lang.NullPointerException
	at agents.Relay.releaseBandwidth(Relay.java:499)
	at communication.DiscretePropagation.propagate(DiscretePropagation.java:98)
	... 10 more
FATAL [Thread-2] 2020-11-27 14:17:48,234 repast.simphony.ui.GUIScheduleRunner - RunTimeException when running the schedule
Current tick (16.0)
java.lang.RuntimeException: java.lang.reflect.InvocationTargetException
	at repast.simphony.engine.schedule.DynamicTargetAction.execute(DynamicTargetAction.java:72)
	at repast.simphony.engine.controller.ScheduledMethodControllerAction$ScheduleMethodAllAction.execute(ScheduledMethodControllerAction.java:336)
	at repast.simphony.engine.schedule.DefaultAction.execute(DefaultAction.java:38)
	at repast.simphony.engine.schedule.ScheduleGroup.executeList(ScheduleGroup.java:205)
	at repast.simphony.engine.schedule.ScheduleGroup.execute(ScheduleGroup.java:231)
	at repast.simphony.engine.schedule.Schedule.execute(Schedule.java:352)
	at repast.simphony.ui.GUIScheduleRunner$ScheduleLoopRunnable.run(GUIScheduleRunner.java:52)
	at java.base/java.lang.Thread.run(Thread.java:834)
Caused by: java.lang.reflect.InvocationTargetException
	at communication.DiscretePropagation$$FastClassByCGLIB$$51222edb.invoke(<generated>)
	at net.sf.cglib.reflect.FastMethod.invoke(FastMethod.java:53)
	at repast.simphony.engine.schedule.DynamicTargetAction.execute(DynamicTargetAction.java:69)
	... 7 more
Caused by: java.lang.NullPointerException
	at agents.Relay.releaseBandwidth(Relay.java:501)
	at communication.DiscretePropagation.propagate(DiscretePropagation.java:98)
	... 10 more
FATAL [Thread-3] 2020-11-27 14:19:21,009 repast.simphony.ui.GUIScheduleRunner - RunTimeException when running the schedule
Current tick (134.0)
java.lang.RuntimeException: java.lang.reflect.InvocationTargetException
	at repast.simphony.engine.schedule.DynamicTargetAction.execute(DynamicTargetAction.java:72)
	at repast.simphony.engine.controller.ScheduledMethodControllerAction$ScheduleMethodAllAction.execute(ScheduledMethodControllerAction.java:336)
	at repast.simphony.engine.schedule.DefaultAction.execute(DefaultAction.java:38)
	at repast.simphony.engine.schedule.ScheduleGroup.executeList(ScheduleGroup.java:205)
	at repast.simphony.engine.schedule.ScheduleGroup.execute(ScheduleGroup.java:231)
	at repast.simphony.engine.schedule.Schedule.execute(Schedule.java:352)
	at repast.simphony.ui.GUIScheduleRunner$ScheduleLoopRunnable.run(GUIScheduleRunner.java:52)
	at java.base/java.lang.Thread.run(Thread.java:834)
Caused by: java.lang.reflect.InvocationTargetException
	at communication.DiscretePropagation$$FastClassByCGLIB$$51222edb.invoke(<generated>)
	at net.sf.cglib.reflect.FastMethod.invoke(FastMethod.java:53)
	at repast.simphony.engine.schedule.DynamicTargetAction.execute(DynamicTargetAction.java:69)
	... 7 more
Caused by: java.lang.NullPointerException
	at agents.Relay.releaseBandwidth(Relay.java:501)
	at communication.DiscretePropagation.propagate(DiscretePropagation.java:98)
	... 10 more
FATAL [Thread-2] 2020-11-27 14:23:09,403 repast.simphony.ui.GUIScheduleRunner - RunTimeException when running the schedule
Current tick (8.0)
java.lang.RuntimeException: java.lang.reflect.InvocationTargetException
	at repast.simphony.engine.schedule.DynamicTargetAction.execute(DynamicTargetAction.java:72)
	at repast.simphony.engine.controller.ScheduledMethodControllerAction$ScheduleMethodAllAction.execute(ScheduledMethodControllerAction.java:336)
	at repast.simphony.engine.schedule.DefaultAction.execute(DefaultAction.java:38)
	at repast.simphony.engine.schedule.ScheduleGroup.executeList(ScheduleGroup.java:205)
	at repast.simphony.engine.schedule.ScheduleGroup.execute(ScheduleGroup.java:231)
	at repast.simphony.engine.schedule.Schedule.execute(Schedule.java:352)
	at repast.simphony.ui.GUIScheduleRunner$ScheduleLoopRunnable.run(GUIScheduleRunner.java:52)
	at java.base/java.lang.Thread.run(Thread.java:834)
Caused by: java.lang.reflect.InvocationTargetException
	at communication.DiscretePropagation$$FastClassByCGLIB$$51222edb.invoke(<generated>)
	at net.sf.cglib.reflect.FastMethod.invoke(FastMethod.java:53)
	at repast.simphony.engine.schedule.DynamicTargetAction.execute(DynamicTargetAction.java:69)
	... 7 more
Caused by: java.lang.NullPointerException
	at agents.Relay.releaseBandwidth(Relay.java:501)
	at communication.DiscretePropagation.propagate(DiscretePropagation.java:98)
	... 10 more
FATAL [Thread-3] 2020-11-27 14:26:40,133 repast.simphony.ui.GUIScheduleRunner - RunTimeException when running the schedule
Current tick (9.0)
java.lang.RuntimeException: java.lang.reflect.InvocationTargetException
	at repast.simphony.engine.schedule.DynamicTargetAction.execute(DynamicTargetAction.java:72)
	at repast.simphony.engine.controller.ScheduledMethodControllerAction$ScheduleMethodAllAction.execute(ScheduledMethodControllerAction.java:336)
	at repast.simphony.engine.schedule.DefaultAction.execute(DefaultAction.java:38)
	at repast.simphony.engine.schedule.ScheduleGroup.executeList(ScheduleGroup.java:205)
	at repast.simphony.engine.schedule.ScheduleGroup.execute(ScheduleGroup.java:231)
	at repast.simphony.engine.schedule.Schedule.execute(Schedule.java:352)
	at repast.simphony.ui.GUIScheduleRunner$ScheduleLoopRunnable.run(GUIScheduleRunner.java:52)
	at java.base/java.lang.Thread.run(Thread.java:834)
Caused by: java.lang.reflect.InvocationTargetException
	at communication.DiscretePropagation$$FastClassByCGLIB$$51222edb.invoke(<generated>)
	at net.sf.cglib.reflect.FastMethod.invoke(FastMethod.java:53)
	at repast.simphony.engine.schedule.DynamicTargetAction.execute(DynamicTargetAction.java:69)
	... 7 more
Caused by: java.lang.NullPointerException
	at agents.Relay.releaseBandwidth(Relay.java:501)
	at communication.DiscretePropagation.propagate(DiscretePropagation.java:98)
	... 10 more
FATAL [Thread-2] 2020-11-27 14:32:04,674 repast.simphony.ui.GUIScheduleRunner - RunTimeException when running the schedule
Current tick (2520.0)
java.lang.RuntimeException: java.lang.reflect.InvocationTargetException
	at repast.simphony.engine.schedule.DynamicTargetAction.execute(DynamicTargetAction.java:72)
	at repast.simphony.engine.controller.ScheduledMethodControllerAction$ScheduleMethodAllAction.execute(ScheduledMethodControllerAction.java:336)
	at repast.simphony.engine.schedule.DefaultAction.execute(DefaultAction.java:38)
	at repast.simphony.engine.schedule.ScheduleGroup.executeList(ScheduleGroup.java:205)
	at repast.simphony.engine.schedule.ScheduleGroup.execute(ScheduleGroup.java:231)
	at repast.simphony.engine.schedule.Schedule.execute(Schedule.java:352)
	at repast.simphony.ui.GUIScheduleRunner$ScheduleLoopRunnable.run(GUIScheduleRunner.java:52)
	at java.base/java.lang.Thread.run(Thread.java:834)
Caused by: java.lang.reflect.InvocationTargetException
	at communication.DiscretePropagation$$FastClassByCGLIB$$51222edb.invoke(<generated>)
	at net.sf.cglib.reflect.FastMethod.invoke(FastMethod.java:53)
	at repast.simphony.engine.schedule.DynamicTargetAction.execute(DynamicTargetAction.java:69)
	... 7 more
Caused by: java.lang.NullPointerException
	at agents.Relay.releaseBandwidth(Relay.java:501)
	at communication.DiscretePropagation.propagate(DiscretePropagation.java:98)
	... 10 more
