#
# There is insufficient memory for the Java Runtime Environment to continue.
# Native memory allocation (malloc) failed to allocate 886736 bytes for Chunk::new
# Possible reasons:
#   The system is out of physical RAM or swap space
#   The process is running with CompressedOops enabled, and the Java Heap may be blocking the growth of the native heap
# Possible solutions:
#   Reduce memory load on the system
#   Increase physical memory or swap space
#   Check if swap backing store is full
#   Decrease Java heap size (-Xmx/-Xms)
#   Decrease number of Java threads
#   Decrease Java thread stack sizes (-Xss)
#   Set larger code cache with -XX:ReservedCodeCacheSize=
#   JVM is running with Unscaled Compressed Oops mode in which the Java heap is
#     placed in the first 4GB address space. The Java Heap base address is the
#     maximum limit for the native heap growth. Please use -XX:HeapBaseMinAddress
#     to set the Java Heap base and to place the Java Heap above 4GB virtual address.
# This output file may be truncated or incomplete.
#
#  Out of Memory Error (./src/hotspot/share/memory/arena.cpp:197), pid=19740, tid=19524
#
# JRE version: OpenJDK Runtime Environment AdoptOpenJDK (11.0.8+10) (build 11.0.8+10)
# Java VM: OpenJDK 64-Bit Server VM AdoptOpenJDK (11.0.8+10, mixed mode, tiered, compressed oops, g1 gc, windows-amd64)
# No core dump will be written. Minidumps are not enabled by default on client versions of Windows
#

---------------  S U M M A R Y ------------

Command Line: -XX:+IgnoreUnrecognizedVMOptions --add-modules=ALL-SYSTEM --add-exports=java.base/jdk.internal.ref=ALL-UNNAMED -Dfile.encoding=Cp1252 repast.simphony.runtime.RepastMain C:\Users\invidia\eclipse-workspace\Pear2Pear_DS2_Assignment1/Pear2Pear_DS2_Assignment1.rs

Host: Intel(R) Core(TM) i7-6500U CPU @ 2.50GHz, 4 cores, 7G,  Windows 10 , 64 bit Build 18362 (10.0.18362.1110)
Time: Mon Nov  9 21:11:41 2020 W. Europe Standard Time elapsed time: 23 seconds (0d 0h 0m 23s)

---------------  T H R E A D  ---------------

Current thread (0x00000241ff701800):  JavaThread "C2 CompilerThread0" daemon [_thread_in_native, id=19524, stack(0x000000c4ba900000,0x000000c4baa00000)]


Current CompileTask:
C2:  23516 5325   !   4       sun.font.FontDesignMetrics::getMetrics (265 bytes)

Stack: [0x000000c4ba900000,0x000000c4baa00000]
Native frames: (J=compiled Java code, j=interpreted, Vv=VM code, C=native code)
V  [jvm.dll+0x5dfa5a]
V  [jvm.dll+0x7175ce]
V  [jvm.dll+0x718c9f]
V  [jvm.dll+0x719363]
V  [jvm.dll+0x240e48]
V  [jvm.dll+0xb96ac]
V  [jvm.dll+0xb9dac]
V  [jvm.dll+0x346342]
V  [jvm.dll+0x314173]
V  [jvm.dll+0x3134ba]
V  [jvm.dll+0x1fa925]
V  [jvm.dll+0x1f9adf]
V  [jvm.dll+0x17e4ec]
V  [jvm.dll+0x208f27]
V  [jvm.dll+0x20710b]
V  [jvm.dll+0x6dc339]
V  [jvm.dll+0x6d53e4]
V  [jvm.dll+0x5de996]
C  [ucrtbase.dll+0x210b2]
C  [KERNEL32.DLL+0x17c24]
C  [ntdll.dll+0x6cea1]


---------------  P R O C E S S  ---------------

Threads class SMR info:
_java_thread_list=0x00000241890c0890, length=17, elements={
0x00000241fedaf000, 0x00000241fedaf800, 0x00000241feded800, 0x00000241fedee800,
0x00000241ff701800, 0x00000241fedfb800, 0x00000241ff7b0800, 0x00000241fed67800,
0x00000241ffafe000, 0x0000024187ae7000, 0x0000024187ed4000, 0x0000024187ed4800,
0x0000024186e8d000, 0x000002418845b800, 0x00000241e6674800, 0x00000241882ba800,
0x0000024189825000
}

Java Threads: ( => current thread )
  0x00000241fedaf000 JavaThread "Reference Handler" daemon [_thread_blocked, id=20932, stack(0x000000c4ba500000,0x000000c4ba600000)]
  0x00000241fedaf800 JavaThread "Finalizer" daemon [_thread_blocked, id=10704, stack(0x000000c4ba600000,0x000000c4ba700000)]
  0x00000241feded800 JavaThread "Signal Dispatcher" daemon [_thread_blocked, id=13268, stack(0x000000c4ba700000,0x000000c4ba800000)]
  0x00000241fedee800 JavaThread "Attach Listener" daemon [_thread_blocked, id=19568, stack(0x000000c4ba800000,0x000000c4ba900000)]
=>0x00000241ff701800 JavaThread "C2 CompilerThread0" daemon [_thread_in_native, id=19524, stack(0x000000c4ba900000,0x000000c4baa00000)]
  0x00000241fedfb800 JavaThread "C1 CompilerThread0" daemon [_thread_blocked, id=17228, stack(0x000000c4baa00000,0x000000c4bab00000)]
  0x00000241ff7b0800 JavaThread "Sweeper thread" daemon [_thread_blocked, id=1428, stack(0x000000c4bab00000,0x000000c4bac00000)]
  0x00000241fed67800 JavaThread "Common-Cleaner" daemon [_thread_blocked, id=17328, stack(0x000000c4bac00000,0x000000c4bad00000)]
  0x00000241ffafe000 JavaThread "Service Thread" daemon [_thread_blocked, id=20072, stack(0x000000c4bae00000,0x000000c4baf00000)]
  0x0000024187ae7000 JavaThread "Java2D Disposer" daemon [_thread_blocked, id=23544, stack(0x000000c4bb300000,0x000000c4bb400000)]
  0x0000024187ed4000 JavaThread "AWT-Shutdown" [_thread_blocked, id=1720, stack(0x000000c4bb400000,0x000000c4bb500000)]
  0x0000024187ed4800 JavaThread "AWT-Windows" daemon [_thread_in_native, id=15092, stack(0x000000c4bb500000,0x000000c4bb600000)]
  0x0000024186e8d000 JavaThread "AWT-EventQueue-0" [_thread_blocked, id=2468, stack(0x000000c4bb800000,0x000000c4bb900000)]
  0x000002418845b800 JavaThread "TimerQueue" daemon [_thread_blocked, id=17448, stack(0x000000c4bb900000,0x000000c4bba00000)]
  0x00000241e6674800 JavaThread "DestroyJavaVM" [_thread_blocked, id=10536, stack(0x000000c4b9e00000,0x000000c4b9f00000)]
  0x00000241882ba800 JavaThread "AWT-EventQueue-0-SharedResourceRunner" daemon [_thread_blocked, id=20832, stack(0x000000c4bba00000,0x000000c4bbb00000)]
  0x0000024189825000 JavaThread "Image Fetcher 0" daemon [_thread_blocked, id=17860, stack(0x000000c4bb600000,0x000000c4bb700000)]

Other Threads:
  0x00000241fedac000 VMThread "VM Thread" [stack: 0x000000c4ba400000,0x000000c4ba500000] [id=7868]
  0x00000241ff9a2800 WatcherThread [stack: 0x000000c4baf00000,0x000000c4bb000000] [id=4368]
  0x00000241e668c000 GCTaskThread "GC Thread#0" [stack: 0x000000c4b9f00000,0x000000c4ba000000] [id=21592]
  0x00000241862e7000 GCTaskThread "GC Thread#1" [stack: 0x000000c4bb000000,0x000000c4bb100000] [id=968]
  0x000002418610e800 GCTaskThread "GC Thread#2" [stack: 0x000000c4bb100000,0x000000c4bb200000] [id=19108]
  0x00000241882d3800 GCTaskThread "GC Thread#3" [stack: 0x000000c4bad00000,0x000000c4bae00000] [id=16328]
  0x00000241e66c0000 ConcurrentGCThread "G1 Main Marker" [stack: 0x000000c4ba000000,0x000000c4ba100000] [id=17368]
  0x00000241e66c6800 ConcurrentGCThread "G1 Conc#0" [stack: 0x000000c4ba100000,0x000000c4ba200000] [id=20316]
  0x00000241fec1a800 ConcurrentGCThread "G1 Refine#0" [stack: 0x000000c4ba200000,0x000000c4ba300000] [id=10280]
  0x00000241ff9a5000 ConcurrentGCThread "G1 Refine#1" [stack: 0x000000c4bb200000,0x000000c4bb300000] [id=17188]
  0x000002418968a800 ConcurrentGCThread "G1 Refine#2" [stack: 0x000000c4bc500000,0x000000c4bc600000] [id=14900]
  0x000002418629b800 ConcurrentGCThread "G1 Refine#3" [stack: 0x000000c4bc600000,0x000000c4bc700000] [id=10728]
  0x00000241e673e000 ConcurrentGCThread "G1 Young RemSet Sampling" [stack: 0x000000c4ba300000,0x000000c4ba400000] [id=920]

Threads with active compile tasks:
C2 CompilerThread0  23586 5325   !   4       sun.font.FontDesignMetrics::getMetrics (265 bytes)

VM state:not at safepoint (normal execution)

VM Mutex/Monitor currently owned by a thread: None

Heap address: 0x0000000081800000, size: 2024 MB, Compressed Oops mode: 32-bit
Narrow klass base: 0x0000000000000000, Narrow klass shift: 3
Compressed class space size: 1073741824 Address: 0x0000000100000000

Heap:
 garbage-first heap   total 189440K, used 103419K [0x0000000081800000, 0x0000000100000000)
  region size 1024K, 3 young (3072K), 1 survivors (1024K)
 Metaspace       used 49763K, capacity 50492K, committed 50816K, reserved 1093632K
  class space    used 5717K, capacity 5994K, committed 6016K, reserved 1048576K
Heap Regions: E=young(eden), S=young(survivor), O=old, HS=humongous(starts), HC=humongous(continues), CS=collection set, F=free, A=archive, TAMS=top-at-mark-start (previous, next)
|   0|0x0000000081800000, 0x0000000081900000, 0x0000000081900000|100%| O|  |TAMS 0x0000000081900000, 0x0000000081800000| Untracked 
|   1|0x0000000081900000, 0x0000000081a00000, 0x0000000081a00000|100%| O|  |TAMS 0x0000000081a00000, 0x0000000081900000| Untracked 
|   2|0x0000000081a00000, 0x0000000081b00000, 0x0000000081b00000|100%|HS|  |TAMS 0x0000000081b00000, 0x0000000081a00000| Complete 
|   3|0x0000000081b00000, 0x0000000081c00000, 0x0000000081c00000|100%|HC|  |TAMS 0x0000000081c00000, 0x0000000081b00000| Complete 
|   4|0x0000000081c00000, 0x0000000081d00000, 0x0000000081d00000|100%|HC|  |TAMS 0x0000000081d00000, 0x0000000081c00000| Complete 
|   5|0x0000000081d00000, 0x0000000081e00000, 0x0000000081e00000|100%| O|  |TAMS 0x0000000081e00000, 0x0000000081d00000| Untracked 
|   6|0x0000000081e00000, 0x0000000081f00000, 0x0000000081f00000|100%| O|  |TAMS 0x0000000081f00000, 0x0000000081e00000| Untracked 
|   7|0x0000000081f00000, 0x0000000082000000, 0x0000000082000000|100%| O|  |TAMS 0x0000000082000000, 0x0000000081f00000| Untracked 
|   8|0x0000000082000000, 0x0000000082100000, 0x0000000082100000|100%| O|  |TAMS 0x0000000082100000, 0x0000000082000000| Untracked 
|   9|0x0000000082100000, 0x0000000082200000, 0x0000000082200000|100%| O|  |TAMS 0x0000000082200000, 0x0000000082100000| Untracked 
|  10|0x0000000082200000, 0x0000000082300000, 0x0000000082300000|100%| O|  |TAMS 0x0000000082300000, 0x0000000082200000| Untracked 
|  11|0x0000000082300000, 0x0000000082400000, 0x0000000082400000|100%| O|  |TAMS 0x0000000082400000, 0x0000000082300000| Untracked 
|  12|0x0000000082400000, 0x0000000082500000, 0x0000000082500000|100%| O|  |TAMS 0x0000000082500000, 0x0000000082400000| Untracked 
|  13|0x0000000082500000, 0x0000000082600000, 0x0000000082600000|100%| O|  |TAMS 0x0000000082600000, 0x0000000082500000| Untracked 
|  14|0x0000000082600000, 0x0000000082700000, 0x0000000082700000|100%| O|  |TAMS 0x0000000082700000, 0x0000000082600000| Untracked 
|  15|0x0000000082700000, 0x0000000082800000, 0x0000000082800000|100%| O|  |TAMS 0x0000000082800000, 0x0000000082700000| Untracked 
|  16|0x0000000082800000, 0x0000000082900000, 0x0000000082900000|100%| O|  |TAMS 0x0000000082900000, 0x0000000082800000| Untracked 
|  17|0x0000000082900000, 0x0000000082a00000, 0x0000000082a00000|100%| O|  |TAMS 0x0000000082a00000, 0x0000000082900000| Untracked 
|  18|0x0000000082a00000, 0x0000000082b00000, 0x0000000082b00000|100%| O|  |TAMS 0x0000000082b00000, 0x0000000082a00000| Untracked 
|  19|0x0000000082b00000, 0x0000000082c00000, 0x0000000082c00000|100%| O|  |TAMS 0x0000000082c00000, 0x0000000082b00000| Untracked 
|  20|0x0000000082c00000, 0x0000000082d00000, 0x0000000082d00000|100%| O|  |TAMS 0x0000000082d00000, 0x0000000082c00000| Untracked 
|  21|0x0000000082d00000, 0x0000000082e00000, 0x0000000082e00000|100%| O|  |TAMS 0x0000000082e00000, 0x0000000082d00000| Untracked 
|  22|0x0000000082e00000, 0x0000000082f00000, 0x0000000082f00000|100%| O|  |TAMS 0x0000000082f00000, 0x0000000082e00000| Untracked 
|  23|0x0000000082f00000, 0x0000000083000000, 0x0000000083000000|100%|HS|  |TAMS 0x0000000083000000, 0x0000000082f00000| Complete 
|  24|0x0000000083000000, 0x0000000083100000, 0x0000000083100000|100%| O|  |TAMS 0x0000000083100000, 0x0000000083000000| Untracked 
|  25|0x0000000083100000, 0x0000000083200000, 0x0000000083200000|100%| O|  |TAMS 0x0000000083200000, 0x0000000083100000| Untracked 
|  26|0x0000000083200000, 0x0000000083300000, 0x0000000083300000|100%| O|  |TAMS 0x0000000083300000, 0x0000000083200000| Untracked 
|  27|0x0000000083300000, 0x0000000083400000, 0x0000000083400000|100%| O|  |TAMS 0x0000000083400000, 0x0000000083300000| Untracked 
|  28|0x0000000083400000, 0x0000000083500000, 0x0000000083500000|100%| O|  |TAMS 0x0000000083500000, 0x0000000083400000| Untracked 
|  29|0x0000000083500000, 0x0000000083600000, 0x0000000083600000|100%|HS|  |TAMS 0x0000000083600000, 0x0000000083500000| Complete 
|  30|0x0000000083600000, 0x0000000083700000, 0x0000000083700000|100%| O|  |TAMS 0x0000000083700000, 0x0000000083600000| Untracked 
|  31|0x0000000083700000, 0x0000000083800000, 0x0000000083800000|100%| O|  |TAMS 0x0000000083800000, 0x0000000083700000| Untracked 
|  32|0x0000000083800000, 0x0000000083900000, 0x0000000083900000|100%| O|  |TAMS 0x0000000083900000, 0x0000000083800000| Untracked 
|  33|0x0000000083900000, 0x0000000083a00000, 0x0000000083a00000|100%| O|  |TAMS 0x0000000083a00000, 0x0000000083900000| Untracked 
|  34|0x0000000083a00000, 0x0000000083b00000, 0x0000000083b00000|100%| O|  |TAMS 0x0000000083b00000, 0x0000000083a00000| Untracked 
|  35|0x0000000083b00000, 0x0000000083c00000, 0x0000000083c00000|100%| O|  |TAMS 0x0000000083c00000, 0x0000000083b00000| Untracked 
|  36|0x0000000083c00000, 0x0000000083d00000, 0x0000000083d00000|100%| O|  |TAMS 0x0000000083d00000, 0x0000000083c00000| Untracked 
|  37|0x0000000083d00000, 0x0000000083e00000, 0x0000000083e00000|100%| O|  |TAMS 0x0000000083e00000, 0x0000000083d00000| Untracked 
|  38|0x0000000083e00000, 0x0000000083f00000, 0x0000000083f00000|100%| O|  |TAMS 0x0000000083f00000, 0x0000000083e00000| Untracked 
|  39|0x0000000083f00000, 0x0000000084000000, 0x0000000084000000|100%| O|  |TAMS 0x0000000084000000, 0x0000000083f00000| Untracked 
|  40|0x0000000084000000, 0x0000000084100000, 0x0000000084100000|100%| O|  |TAMS 0x0000000084100000, 0x0000000084000000| Untracked 
|  41|0x0000000084100000, 0x0000000084200000, 0x0000000084200000|100%| O|  |TAMS 0x0000000084200000, 0x0000000084100000| Untracked 
|  42|0x0000000084200000, 0x0000000084300000, 0x0000000084300000|100%| O|  |TAMS 0x0000000084300000, 0x0000000084200000| Untracked 
|  43|0x0000000084300000, 0x0000000084400000, 0x0000000084400000|100%| O|  |TAMS 0x0000000084400000, 0x0000000084300000| Untracked 
|  44|0x0000000084400000, 0x0000000084500000, 0x0000000084500000|100%| O|  |TAMS 0x0000000084500000, 0x0000000084400000| Untracked 
|  45|0x0000000084500000, 0x0000000084600000, 0x0000000084600000|100%| O|  |TAMS 0x0000000084600000, 0x0000000084500000| Untracked 
|  46|0x0000000084600000, 0x0000000084700000, 0x0000000084700000|100%| O|  |TAMS 0x0000000084700000, 0x0000000084600000| Untracked 
|  47|0x0000000084700000, 0x0000000084800000, 0x0000000084800000|100%| O|  |TAMS 0x0000000084800000, 0x0000000084700000| Untracked 
|  48|0x0000000084800000, 0x0000000084900000, 0x0000000084900000|100%| O|  |TAMS 0x0000000084900000, 0x0000000084800000| Untracked 
|  49|0x0000000084900000, 0x0000000084a00000, 0x0000000084a00000|100%| O|  |TAMS 0x0000000084a00000, 0x0000000084900000| Untracked 
|  50|0x0000000084a00000, 0x0000000084b00000, 0x0000000084b00000|100%| O|  |TAMS 0x0000000084b00000, 0x0000000084a00000| Untracked 
|  51|0x0000000084b00000, 0x0000000084c00000, 0x0000000084c00000|100%| O|  |TAMS 0x0000000084c00000, 0x0000000084b00000| Untracked 
|  52|0x0000000084c00000, 0x0000000084d00000, 0x0000000084d00000|100%| O|  |TAMS 0x0000000084d00000, 0x0000000084c00000| Untracked 
|  53|0x0000000084d00000, 0x0000000084e00000, 0x0000000084e00000|100%| O|  |TAMS 0x0000000084e00000, 0x0000000084d00000| Untracked 
|  54|0x0000000084e00000, 0x0000000084f00000, 0x0000000084f00000|100%| O|  |TAMS 0x0000000084f00000, 0x0000000084e00000| Untracked 
|  55|0x0000000084f00000, 0x0000000085000000, 0x0000000085000000|100%| O|  |TAMS 0x0000000085000000, 0x0000000084f00000| Untracked 
|  56|0x0000000085000000, 0x0000000085100000, 0x0000000085100000|100%| O|  |TAMS 0x0000000085100000, 0x0000000085000000| Untracked 
|  57|0x0000000085100000, 0x0000000085200000, 0x0000000085200000|100%| O|  |TAMS 0x0000000085200000, 0x0000000085100000| Untracked 
|  58|0x0000000085200000, 0x0000000085300000, 0x0000000085300000|100%| O|  |TAMS 0x0000000085300000, 0x0000000085200000| Untracked 
|  59|0x0000000085300000, 0x0000000085400000, 0x0000000085400000|100%| O|  |TAMS 0x0000000085400000, 0x0000000085300000| Untracked 
|  60|0x0000000085400000, 0x0000000085500000, 0x0000000085500000|100%| O|  |TAMS 0x0000000085500000, 0x0000000085400000| Untracked 
|  61|0x0000000085500000, 0x0000000085600000, 0x0000000085600000|100%| O|  |TAMS 0x0000000085600000, 0x0000000085500000| Untracked 
|  62|0x0000000085600000, 0x0000000085700000, 0x0000000085700000|100%| O|  |TAMS 0x0000000085700000, 0x0000000085600000| Untracked 
|  63|0x0000000085700000, 0x0000000085800000, 0x0000000085800000|100%| O|  |TAMS 0x0000000085800000, 0x0000000085700000| Untracked 
|  64|0x0000000085800000, 0x0000000085900000, 0x0000000085900000|100%| O|  |TAMS 0x0000000085900000, 0x0000000085800000| Untracked 
|  65|0x0000000085900000, 0x0000000085a00000, 0x0000000085a00000|100%| O|  |TAMS 0x0000000085a00000, 0x0000000085900000| Untracked 
|  66|0x0000000085a00000, 0x0000000085b00000, 0x0000000085b00000|100%| O|  |TAMS 0x0000000085b00000, 0x0000000085a00000| Untracked 
|  67|0x0000000085b00000, 0x0000000085c00000, 0x0000000085c00000|100%| O|  |TAMS 0x0000000085c00000, 0x0000000085b00000| Untracked 
|  68|0x0000000085c00000, 0x0000000085d00000, 0x0000000085d00000|100%| O|  |TAMS 0x0000000085d00000, 0x0000000085c00000| Untracked 
|  69|0x0000000085d00000, 0x0000000085e00000, 0x0000000085e00000|100%| O|  |TAMS 0x0000000085e00000, 0x0000000085d00000| Untracked 
|  70|0x0000000085e00000, 0x0000000085f00000, 0x0000000085f00000|100%| O|  |TAMS 0x0000000085f00000, 0x0000000085e00000| Untracked 
|  71|0x0000000085f00000, 0x0000000086000000, 0x0000000086000000|100%| O|  |TAMS 0x0000000086000000, 0x0000000085f00000| Untracked 
|  72|0x0000000086000000, 0x0000000086100000, 0x0000000086100000|100%| O|  |TAMS 0x0000000086100000, 0x0000000086000000| Untracked 
|  73|0x0000000086100000, 0x0000000086200000, 0x0000000086200000|100%| O|  |TAMS 0x0000000086200000, 0x0000000086100000| Untracked 
|  74|0x0000000086200000, 0x0000000086300000, 0x0000000086300000|100%| O|  |TAMS 0x0000000086300000, 0x0000000086200000| Untracked 
|  75|0x0000000086300000, 0x0000000086400000, 0x0000000086400000|100%| O|  |TAMS 0x0000000086400000, 0x0000000086300000| Untracked 
|  76|0x0000000086400000, 0x0000000086500000, 0x0000000086500000|100%| O|  |TAMS 0x0000000086500000, 0x0000000086400000| Untracked 
|  77|0x0000000086500000, 0x0000000086500000, 0x0000000086600000|  0%| F|  |TAMS 0x0000000086500000, 0x0000000086500000| Untracked 
|  78|0x0000000086600000, 0x0000000086600000, 0x0000000086700000|  0%| F|  |TAMS 0x0000000086600000, 0x0000000086600000| Untracked 
|  79|0x0000000086700000, 0x0000000086800000, 0x0000000086800000|100%| O|  |TAMS 0x0000000086800000, 0x0000000086700000| Untracked 
|  80|0x0000000086800000, 0x0000000086900000, 0x0000000086900000|100%| O|  |TAMS 0x0000000086900000, 0x0000000086800000| Untracked 
|  81|0x0000000086900000, 0x0000000086a00000, 0x0000000086a00000|100%| O|  |TAMS 0x0000000086a00000, 0x0000000086900000| Untracked 
|  82|0x0000000086a00000, 0x0000000086b00000, 0x0000000086b00000|100%| O|  |TAMS 0x0000000086b00000, 0x0000000086a00000| Untracked 
|  83|0x0000000086b00000, 0x0000000086c00000, 0x0000000086c00000|100%| O|  |TAMS 0x0000000086c00000, 0x0000000086b00000| Untracked 
|  84|0x0000000086c00000, 0x0000000086d00000, 0x0000000086d00000|100%| O|  |TAMS 0x0000000086d00000, 0x0000000086c00000| Untracked 
|  85|0x0000000086d00000, 0x0000000086e00000, 0x0000000086e00000|100%| O|  |TAMS 0x0000000086e00000, 0x0000000086d00000| Untracked 
|  86|0x0000000086e00000, 0x0000000086f00000, 0x0000000086f00000|100%| O|  |TAMS 0x0000000086f00000, 0x0000000086e00000| Untracked 
|  87|0x0000000086f00000, 0x0000000087000000, 0x0000000087000000|100%| O|  |TAMS 0x0000000087000000, 0x0000000086f00000| Untracked 
|  88|0x0000000087000000, 0x0000000087100000, 0x0000000087100000|100%| O|  |TAMS 0x0000000087100000, 0x0000000087000000| Untracked 
|  89|0x0000000087100000, 0x0000000087200000, 0x0000000087200000|100%| O|  |TAMS 0x0000000087200000, 0x0000000087100000| Untracked 
|  90|0x0000000087200000, 0x0000000087300000, 0x0000000087300000|100%| O|  |TAMS 0x0000000087300000, 0x0000000087200000| Untracked 
|  91|0x0000000087300000, 0x0000000087400000, 0x0000000087400000|100%| O|  |TAMS 0x0000000087400000, 0x0000000087300000| Untracked 
|  92|0x0000000087400000, 0x0000000087500000, 0x0000000087500000|100%| O|  |TAMS 0x0000000087500000, 0x0000000087400000| Untracked 
|  93|0x0000000087500000, 0x0000000087600000, 0x0000000087600000|100%| O|  |TAMS 0x0000000087600000, 0x0000000087500000| Untracked 
|  94|0x0000000087600000, 0x0000000087700000, 0x0000000087700000|100%| O|  |TAMS 0x0000000087700000, 0x0000000087600000| Untracked 
|  95|0x0000000087700000, 0x0000000087800000, 0x0000000087800000|100%| O|  |TAMS 0x0000000087800000, 0x0000000087700000| Untracked 
|  96|0x0000000087800000, 0x0000000087900000, 0x0000000087900000|100%| O|  |TAMS 0x0000000087900000, 0x0000000087800000| Untracked 
|  97|0x0000000087900000, 0x0000000087a00000, 0x0000000087a00000|100%| O|  |TAMS 0x0000000087a00000, 0x0000000087900000| Untracked 
|  98|0x0000000087a00000, 0x0000000087a5e400, 0x0000000087b00000| 36%| O|  |TAMS 0x0000000087a5e400, 0x0000000087a00000| Untracked 
|  99|0x0000000087b00000, 0x0000000087c00000, 0x0000000087c00000|100%|HS|  |TAMS 0x0000000087b00000, 0x0000000087b00000| Complete 
| 100|0x0000000087c00000, 0x0000000087d00000, 0x0000000087d00000|100%|HS|  |TAMS 0x0000000087c00000, 0x0000000087c00000| Complete 
| 101|0x0000000087d00000, 0x0000000087e00000, 0x0000000087e00000|100%|HC|  |TAMS 0x0000000087d00000, 0x0000000087d00000| Complete 
| 102|0x0000000087e00000, 0x0000000087e00000, 0x0000000087f00000|  0%| F|  |TAMS 0x0000000087e00000, 0x0000000087e00000| Untracked 
| 103|0x0000000087f00000, 0x0000000087f00000, 0x0000000088000000|  0%| F|  |TAMS 0x0000000087f00000, 0x0000000087f00000| Untracked 
| 104|0x0000000088000000, 0x0000000088000000, 0x0000000088100000|  0%| F|  |TAMS 0x0000000088000000, 0x0000000088000000| Untracked 
| 105|0x0000000088100000, 0x0000000088100000, 0x0000000088200000|  0%| F|  |TAMS 0x0000000088100000, 0x0000000088100000| Untracked 
| 106|0x0000000088200000, 0x0000000088200000, 0x0000000088300000|  0%| F|  |TAMS 0x0000000088200000, 0x0000000088200000| Untracked 
| 107|0x0000000088300000, 0x0000000088300000, 0x0000000088400000|  0%| F|  |TAMS 0x0000000088300000, 0x0000000088300000| Untracked 
| 108|0x0000000088400000, 0x0000000088400000, 0x0000000088500000|  0%| F|  |TAMS 0x0000000088400000, 0x0000000088400000| Untracked 
| 109|0x0000000088500000, 0x0000000088500000, 0x0000000088600000|  0%| F|  |TAMS 0x0000000088500000, 0x0000000088500000| Untracked 
| 110|0x0000000088600000, 0x0000000088600000, 0x0000000088700000|  0%| F|  |TAMS 0x0000000088600000, 0x0000000088600000| Untracked 
| 111|0x0000000088700000, 0x0000000088700000, 0x0000000088800000|  0%| F|  |TAMS 0x0000000088700000, 0x0000000088700000| Untracked 
| 112|0x0000000088800000, 0x0000000088800000, 0x0000000088900000|  0%| F|  |TAMS 0x0000000088800000, 0x0000000088800000| Untracked 
| 113|0x0000000088900000, 0x0000000088900000, 0x0000000088a00000|  0%| F|  |TAMS 0x0000000088900000, 0x0000000088900000| Untracked 
| 114|0x0000000088a00000, 0x0000000088a00000, 0x0000000088b00000|  0%| F|  |TAMS 0x0000000088a00000, 0x0000000088a00000| Untracked 
| 115|0x0000000088b00000, 0x0000000088b00000, 0x0000000088c00000|  0%| F|  |TAMS 0x0000000088b00000, 0x0000000088b00000| Untracked 
| 116|0x0000000088c00000, 0x0000000088c00000, 0x0000000088d00000|  0%| F|  |TAMS 0x0000000088c00000, 0x0000000088c00000| Untracked 
| 117|0x0000000088d00000, 0x0000000088d00000, 0x0000000088e00000|  0%| F|  |TAMS 0x0000000088d00000, 0x0000000088d00000| Untracked 
| 118|0x0000000088e00000, 0x0000000088e00000, 0x0000000088f00000|  0%| F|  |TAMS 0x0000000088e00000, 0x0000000088e00000| Untracked 
| 119|0x0000000088f00000, 0x0000000088f00000, 0x0000000089000000|  0%| F|  |TAMS 0x0000000088f00000, 0x0000000088f00000| Untracked 
| 120|0x0000000089000000, 0x0000000089000000, 0x0000000089100000|  0%| F|  |TAMS 0x0000000089000000, 0x0000000089000000| Untracked 
| 121|0x0000000089100000, 0x0000000089100000, 0x0000000089200000|  0%| F|  |TAMS 0x0000000089100000, 0x0000000089100000| Untracked 
| 122|0x0000000089200000, 0x0000000089200000, 0x0000000089300000|  0%| F|  |TAMS 0x0000000089200000, 0x0000000089200000| Untracked 
| 123|0x0000000089300000, 0x0000000089300000, 0x0000000089400000|  0%| F|  |TAMS 0x0000000089300000, 0x0000000089300000| Untracked 
| 124|0x0000000089400000, 0x0000000089400000, 0x0000000089500000|  0%| F|  |TAMS 0x0000000089400000, 0x0000000089400000| Untracked 
| 125|0x0000000089500000, 0x0000000089500000, 0x0000000089600000|  0%| F|  |TAMS 0x0000000089500000, 0x0000000089500000| Untracked 
| 126|0x0000000089600000, 0x0000000089600000, 0x0000000089700000|  0%| F|  |TAMS 0x0000000089600000, 0x0000000089600000| Untracked 
| 127|0x0000000089700000, 0x0000000089700000, 0x0000000089800000|  0%| F|  |TAMS 0x0000000089700000, 0x0000000089700000| Untracked 
| 128|0x0000000089800000, 0x0000000089800000, 0x0000000089900000|  0%| F|  |TAMS 0x0000000089800000, 0x0000000089800000| Untracked 
| 129|0x0000000089900000, 0x0000000089900000, 0x0000000089a00000|  0%| F|  |TAMS 0x0000000089900000, 0x0000000089900000| Untracked 
| 130|0x0000000089a00000, 0x0000000089a00000, 0x0000000089b00000|  0%| F|  |TAMS 0x0000000089a00000, 0x0000000089a00000| Untracked 
| 131|0x0000000089b00000, 0x0000000089b00000, 0x0000000089c00000|  0%| F|  |TAMS 0x0000000089b00000, 0x0000000089b00000| Untracked 
| 132|0x0000000089c00000, 0x0000000089c00000, 0x0000000089d00000|  0%| F|  |TAMS 0x0000000089c00000, 0x0000000089c00000| Untracked 
| 133|0x0000000089d00000, 0x0000000089d00000, 0x0000000089e00000|  0%| F|  |TAMS 0x0000000089d00000, 0x0000000089d00000| Untracked 
| 134|0x0000000089e00000, 0x0000000089e00000, 0x0000000089f00000|  0%| F|  |TAMS 0x0000000089e00000, 0x0000000089e00000| Untracked 
| 135|0x0000000089f00000, 0x0000000089f00000, 0x000000008a000000|  0%| F|  |TAMS 0x0000000089f00000, 0x0000000089f00000| Untracked 
| 136|0x000000008a000000, 0x000000008a000000, 0x000000008a100000|  0%| F|  |TAMS 0x000000008a000000, 0x000000008a000000| Untracked 
| 137|0x000000008a100000, 0x000000008a100000, 0x000000008a200000|  0%| F|  |TAMS 0x000000008a100000, 0x000000008a100000| Untracked 
| 138|0x000000008a200000, 0x000000008a200000, 0x000000008a300000|  0%| F|  |TAMS 0x000000008a200000, 0x000000008a200000| Untracked 
| 139|0x000000008a300000, 0x000000008a300000, 0x000000008a400000|  0%| F|  |TAMS 0x000000008a300000, 0x000000008a300000| Untracked 
| 140|0x000000008a400000, 0x000000008a400000, 0x000000008a500000|  0%| F|  |TAMS 0x000000008a400000, 0x000000008a400000| Untracked 
| 141|0x000000008a500000, 0x000000008a500000, 0x000000008a600000|  0%| F|  |TAMS 0x000000008a500000, 0x000000008a500000| Untracked 
| 142|0x000000008a600000, 0x000000008a600000, 0x000000008a700000|  0%| F|  |TAMS 0x000000008a600000, 0x000000008a600000| Untracked 
| 143|0x000000008a700000, 0x000000008a700000, 0x000000008a800000|  0%| F|  |TAMS 0x000000008a700000, 0x000000008a700000| Untracked 
| 144|0x000000008a800000, 0x000000008a800000, 0x000000008a900000|  0%| F|  |TAMS 0x000000008a800000, 0x000000008a800000| Untracked 
| 145|0x000000008a900000, 0x000000008a900000, 0x000000008aa00000|  0%| F|  |TAMS 0x000000008a900000, 0x000000008a900000| Untracked 
| 146|0x000000008aa00000, 0x000000008aa00000, 0x000000008ab00000|  0%| F|  |TAMS 0x000000008aa00000, 0x000000008aa00000| Untracked 
| 147|0x000000008ab00000, 0x000000008ab00000, 0x000000008ac00000|  0%| F|  |TAMS 0x000000008ab00000, 0x000000008ab00000| Untracked 
| 148|0x000000008ac00000, 0x000000008ac00000, 0x000000008ad00000|  0%| F|  |TAMS 0x000000008ac00000, 0x000000008ac00000| Untracked 
| 149|0x000000008ad00000, 0x000000008ad00000, 0x000000008ae00000|  0%| F|  |TAMS 0x000000008ad00000, 0x000000008ad00000| Untracked 
| 150|0x000000008ae00000, 0x000000008aea0b20, 0x000000008af00000| 62%| S|CS|TAMS 0x000000008ae00000, 0x000000008ae00000| Complete 
| 151|0x000000008af00000, 0x000000008af00000, 0x000000008b000000|  0%| F|  |TAMS 0x000000008af00000, 0x000000008af00000| Untracked 
| 152|0x000000008b000000, 0x000000008b000000, 0x000000008b100000|  0%| F|  |TAMS 0x000000008b000000, 0x000000008b000000| Untracked 
| 153|0x000000008b100000, 0x000000008b100000, 0x000000008b200000|  0%| F|  |TAMS 0x000000008b100000, 0x000000008b100000| Untracked 
| 154|0x000000008b200000, 0x000000008b200000, 0x000000008b300000|  0%| F|  |TAMS 0x000000008b200000, 0x000000008b200000| Untracked 
| 155|0x000000008b300000, 0x000000008b300000, 0x000000008b400000|  0%| F|  |TAMS 0x000000008b300000, 0x000000008b300000| Untracked 
| 156|0x000000008b400000, 0x000000008b400000, 0x000000008b500000|  0%| F|  |TAMS 0x000000008b400000, 0x000000008b400000| Untracked 
| 157|0x000000008b500000, 0x000000008b500000, 0x000000008b600000|  0%| F|  |TAMS 0x000000008b500000, 0x000000008b500000| Untracked 
| 158|0x000000008b600000, 0x000000008b600000, 0x000000008b700000|  0%| F|  |TAMS 0x000000008b600000, 0x000000008b600000| Untracked 
| 159|0x000000008b700000, 0x000000008b700000, 0x000000008b800000|  0%| F|  |TAMS 0x000000008b700000, 0x000000008b700000| Untracked 
| 160|0x000000008b800000, 0x000000008b800000, 0x000000008b900000|  0%| F|  |TAMS 0x000000008b800000, 0x000000008b800000| Untracked 
| 161|0x000000008b900000, 0x000000008b900000, 0x000000008ba00000|  0%| F|  |TAMS 0x000000008b900000, 0x000000008b900000| Untracked 
| 162|0x000000008ba00000, 0x000000008ba00000, 0x000000008bb00000|  0%| F|  |TAMS 0x000000008ba00000, 0x000000008ba00000| Untracked 
| 163|0x000000008bb00000, 0x000000008bb00000, 0x000000008bc00000|  0%| F|  |TAMS 0x000000008bb00000, 0x000000008bb00000| Untracked 
| 164|0x000000008bc00000, 0x000000008bc00000, 0x000000008bd00000|  0%| F|  |TAMS 0x000000008bc00000, 0x000000008bc00000| Untracked 
| 165|0x000000008bd00000, 0x000000008bd00000, 0x000000008be00000|  0%| F|  |TAMS 0x000000008bd00000, 0x000000008bd00000| Untracked 
| 166|0x000000008be00000, 0x000000008be00000, 0x000000008bf00000|  0%| F|  |TAMS 0x000000008be00000, 0x000000008be00000| Untracked 
| 167|0x000000008bf00000, 0x000000008bf00000, 0x000000008c000000|  0%| F|  |TAMS 0x000000008bf00000, 0x000000008bf00000| Untracked 
| 168|0x000000008c000000, 0x000000008c000000, 0x000000008c100000|  0%| F|  |TAMS 0x000000008c000000, 0x000000008c000000| Untracked 
| 169|0x000000008c100000, 0x000000008c100000, 0x000000008c200000|  0%| F|  |TAMS 0x000000008c100000, 0x000000008c100000| Untracked 
| 170|0x000000008c200000, 0x000000008c200000, 0x000000008c300000|  0%| F|  |TAMS 0x000000008c200000, 0x000000008c200000| Untracked 
| 171|0x000000008c300000, 0x000000008c300000, 0x000000008c400000|  0%| F|  |TAMS 0x000000008c300000, 0x000000008c300000| Untracked 
| 172|0x000000008c400000, 0x000000008c400000, 0x000000008c500000|  0%| F|  |TAMS 0x000000008c400000, 0x000000008c400000| Untracked 
| 173|0x000000008c500000, 0x000000008c500000, 0x000000008c600000|  0%| F|  |TAMS 0x000000008c500000, 0x000000008c500000| Untracked 
| 174|0x000000008c600000, 0x000000008c600000, 0x000000008c700000|  0%| F|  |TAMS 0x000000008c600000, 0x000000008c600000| Untracked 
| 175|0x000000008c700000, 0x000000008c700000, 0x000000008c800000|  0%| F|  |TAMS 0x000000008c700000, 0x000000008c700000| Untracked 
| 176|0x000000008c800000, 0x000000008c800000, 0x000000008c900000|  0%| F|  |TAMS 0x000000008c800000, 0x000000008c800000| Untracked 
| 177|0x000000008c900000, 0x000000008c900000, 0x000000008ca00000|  0%| F|  |TAMS 0x000000008c900000, 0x000000008c900000| Untracked 
| 178|0x000000008ca00000, 0x000000008ca00000, 0x000000008cb00000|  0%| F|  |TAMS 0x000000008ca00000, 0x000000008ca00000| Untracked 
| 179|0x000000008cb00000, 0x000000008cb00000, 0x000000008cc00000|  0%| F|  |TAMS 0x000000008cb00000, 0x000000008cb00000| Untracked 
| 180|0x000000008cc00000, 0x000000008cc00000, 0x000000008cd00000|  0%| F|  |TAMS 0x000000008cc00000, 0x000000008cc00000| Untracked 
| 181|0x000000008cd00000, 0x000000008cd00000, 0x000000008ce00000|  0%| F|  |TAMS 0x000000008cd00000, 0x000000008cd00000| Untracked 
| 182|0x000000008ce00000, 0x000000008ce00000, 0x000000008cf00000|  0%| F|  |TAMS 0x000000008ce00000, 0x000000008ce00000| Untracked 
| 183|0x000000008cf00000, 0x000000008cfdf5c0, 0x000000008d000000| 87%| E|  |TAMS 0x000000008cf00000, 0x000000008cf00000| Complete 
| 184|0x000000008d000000, 0x000000008d100000, 0x000000008d100000|100%| E|CS|TAMS 0x000000008d000000, 0x000000008d000000| Complete 

Card table byte_map: [0x00000241fe0d0000,0x00000241fe4d0000] _byte_map_base: 0x00000241fdcc4000

Marking Bits (Prev, Next): (CMBitMap*) 0x00000241e66b72a0, (CMBitMap*) 0x00000241e66b7268
 Prev Bits: [0x0000024181fa0000, 0x0000024183f40000)
 Next Bits: [0x0000024180000000, 0x0000024181fa0000)

Polling page: 0x00000241e5e40000

Metaspace:

Usage:
  Non-class:     43.46 MB capacity,    43.01 MB ( 99%) used,   361.55 KB ( <1%) free+waste,    91.00 KB ( <1%) overhead. 
      Class:      5.85 MB capacity,     5.58 MB ( 95%) used,   234.63 KB (  4%) free+waste,    41.69 KB ( <1%) overhead. 
       Both:     49.31 MB capacity,    48.60 MB ( 99%) used,   596.19 KB (  1%) free+waste,   132.69 KB ( <1%) overhead. 

Virtual space:
  Non-class space:       44.00 MB reserved,      43.75 MB (>99%) committed 
      Class space:        1.00 GB reserved,       5.88 MB ( <1%) committed 
             Both:        1.04 GB reserved,      49.63 MB (  5%) committed 

Chunk freelists:
   Non-Class:  110.00 KB
       Class:  22.00 KB
        Both:  132.00 KB

MaxMetaspaceSize: 17179869184.00 GB
CompressedClassSpaceSize: 1.00 GB

CodeHeap 'non-profiled nmethods': size=120064Kb used=2794Kb max_used=2794Kb free=117269Kb
 bounds [0x00000241f6790000, 0x00000241f6a50000, 0x00000241fdcd0000]
CodeHeap 'profiled nmethods': size=120000Kb used=10219Kb max_used=10219Kb free=109780Kb
 bounds [0x00000241ef260000, 0x00000241efc70000, 0x00000241f6790000]
CodeHeap 'non-nmethods': size=5696Kb used=1583Kb max_used=1611Kb free=4112Kb
 bounds [0x00000241eecd0000, 0x00000241eef40000, 0x00000241ef260000]
 total_blobs=5935 nmethods=4782 adapters=1062
 compilation: enabled
              stopped_count=0, restarted_count=0
 full_count=0

Compilation events (20 events):
Event: 23.066 Thread 0x00000241fedfb800 nmethod 5316 0x00000241efc53690 code [0x00000241efc53900, 0x00000241efc54528]
Event: 23.082 Thread 0x00000241fedfb800 5317       3       java.awt.EventQueue$5::run (5 bytes)
Event: 23.082 Thread 0x00000241fedfb800 nmethod 5317 0x00000241efc54890 code [0x00000241efc54ac0, 0x00000241efc55078]
Event: 23.082 Thread 0x00000241fedfb800 5318       3       java.awt.EventQueue$5::run (19 bytes)
Event: 23.083 Thread 0x00000241fedfb800 nmethod 5318 0x00000241efc55310 code [0x00000241efc55540, 0x00000241efc55a78]
Event: 23.136 Thread 0x00000241fedfb800 5319   !   3       java.awt.Window::getInputContext (36 bytes)
Event: 23.137 Thread 0x00000241fedfb800 nmethod 5319 0x00000241efc55c90 code [0x00000241efc55e80, 0x00000241efc56448]
Event: 23.290 Thread 0x00000241fedfb800 5320  s    3       sun.awt.im.InputContext::getInputMethod (34 bytes)
Event: 23.290 Thread 0x00000241fedfb800 nmethod 5320 0x00000241efc56690 code [0x00000241efc56860, 0x00000241efc56c88]
Event: 23.307 Thread 0x00000241fedfb800 5321       3       java.util.concurrent.locks.AbstractQueuedSynchronizer$ConditionObject::await (98 bytes)
Event: 23.308 Thread 0x00000241fedfb800 nmethod 5321 0x00000241efc56d90 code [0x00000241efc570c0, 0x00000241efc58298]
Event: 23.322 Thread 0x00000241fedfb800 5322       3       sun.awt.im.InputMethodContext::dispatchEvent (62 bytes)
Event: 23.323 Thread 0x00000241fedfb800 nmethod 5322 0x00000241efc58990 code [0x00000241efc58c20, 0x00000241efc59858]
Event: 23.323 Thread 0x00000241fedfb800 5323       3       sun.awt.im.InputContext::dispatchEvent (173 bytes)
Event: 23.324 Thread 0x00000241fedfb800 nmethod 5323 0x00000241efc59b10 code [0x00000241efc59ea0, 0x00000241efc5c0a8]
Event: 23.324 Thread 0x00000241fedfb800 5324       3       sun.awt.windows.WToolkit::showOrHideTouchKeyboard (199 bytes)
Event: 23.325 Thread 0x00000241fedfb800 nmethod 5324 0x00000241efc5c710 code [0x00000241efc5cae0, 0x00000241efc5eb98]
Event: 23.463 Thread 0x00000241ff701800 5325   !   4       sun.font.FontDesignMetrics::getMetrics (265 bytes)
Event: 23.464 Thread 0x00000241fedfb800 5326       3       javax.swing.DefaultButtonModel::isPressed (15 bytes)
Event: 23.464 Thread 0x00000241fedfb800 nmethod 5326 0x00000241efc5f310 code [0x00000241efc5f4c0, 0x00000241efc5f618]

GC Heap History (20 events):
Event: 17.308 GC heap before
{Heap before GC invocations=15 (full 0):
 garbage-first heap   total 131072K, used 95980K [0x0000000081800000, 0x0000000100000000)
  region size 1024K, 52 young (53248K), 8 survivors (8192K)
 Metaspace       used 49480K, capacity 50168K, committed 50304K, reserved 1093632K
  class space    used 5689K, capacity 5993K, committed 6016K, reserved 1048576K
}
Event: 17.330 GC heap after
{Heap after GC invocations=16 (full 0):
 garbage-first heap   total 131072K, used 61440K [0x0000000081800000, 0x0000000100000000)
  region size 1024K, 7 young (7168K), 7 survivors (7168K)
 Metaspace       used 49480K, capacity 50168K, committed 50304K, reserved 1093632K
  class space    used 5689K, capacity 5993K, committed 6016K, reserved 1048576K
}
Event: 17.866 GC heap before
{Heap before GC invocations=16 (full 0):
 garbage-first heap   total 131072K, used 97280K [0x0000000081800000, 0x0000000100000000)
  region size 1024K, 42 young (43008K), 7 survivors (7168K)
 Metaspace       used 49501K, capacity 50168K, committed 50304K, reserved 1093632K
  class space    used 5689K, capacity 5993K, committed 6016K, reserved 1048576K
}
Event: 17.885 GC heap after
{Heap after GC invocations=17 (full 0):
 garbage-first heap   total 131072K, used 68608K [0x0000000081800000, 0x0000000100000000)
  region size 1024K, 6 young (6144K), 6 survivors (6144K)
 Metaspace       used 49501K, capacity 50168K, committed 50304K, reserved 1093632K
  class space    used 5689K, capacity 5993K, committed 6016K, reserved 1048576K
}
Event: 18.313 GC heap before
{Heap before GC invocations=17 (full 0):
 garbage-first heap   total 131072K, used 99328K [0x0000000081800000, 0x0000000100000000)
  region size 1024K, 37 young (37888K), 6 survivors (6144K)
 Metaspace       used 49505K, capacity 50232K, committed 50560K, reserved 1093632K
  class space    used 5689K, capacity 5993K, committed 6016K, reserved 1048576K
}
Event: 18.329 GC heap after
{Heap after GC invocations=18 (full 0):
 garbage-first heap   total 131072K, used 75558K [0x0000000081800000, 0x0000000100000000)
  region size 1024K, 5 young (5120K), 5 survivors (5120K)
 Metaspace       used 49505K, capacity 50232K, committed 50560K, reserved 1093632K
  class space    used 5689K, capacity 5993K, committed 6016K, reserved 1048576K
}
Event: 18.657 GC heap before
{Heap before GC invocations=19 (full 0):
 garbage-first heap   total 131072K, used 93990K [0x0000000081800000, 0x0000000100000000)
  region size 1024K, 25 young (25600K), 5 survivors (5120K)
 Metaspace       used 49604K, capacity 50297K, committed 50560K, reserved 1093632K
  class space    used 5707K, capacity 5993K, committed 6016K, reserved 1048576K
}
Event: 18.671 GC heap after
{Heap after GC invocations=20 (full 0):
 garbage-first heap   total 157696K, used 80476K [0x0000000081800000, 0x0000000100000000)
  region size 1024K, 4 young (4096K), 4 survivors (4096K)
 Metaspace       used 49604K, capacity 50297K, committed 50560K, reserved 1093632K
  class space    used 5707K, capacity 5993K, committed 6016K, reserved 1048576K
}
Event: 19.287 GC heap before
{Heap before GC invocations=21 (full 0):
 garbage-first heap   total 157696K, used 114268K [0x0000000081800000, 0x0000000100000000)
  region size 1024K, 35 young (35840K), 4 survivors (4096K)
 Metaspace       used 49614K, capacity 50297K, committed 50560K, reserved 1093632K
  class space    used 5707K, capacity 5993K, committed 6016K, reserved 1048576K
}
Event: 19.299 GC heap after
{Heap after GC invocations=22 (full 0):
 garbage-first heap   total 157696K, used 86500K [0x0000000081800000, 0x0000000100000000)
  region size 1024K, 4 young (4096K), 4 survivors (4096K)
 Metaspace       used 49614K, capacity 50297K, committed 50560K, reserved 1093632K
  class space    used 5707K, capacity 5993K, committed 6016K, reserved 1048576K
}
Event: 19.748 GC heap before
{Heap before GC invocations=22 (full 0):
 garbage-first heap   total 157696K, used 117220K [0x0000000081800000, 0x0000000100000000)
  region size 1024K, 34 young (34816K), 4 survivors (4096K)
 Metaspace       used 49622K, capacity 50297K, committed 50560K, reserved 1093632K
  class space    used 5707K, capacity 5993K, committed 6016K, reserved 1048576K
}
Event: 19.762 GC heap after
{Heap after GC invocations=23 (full 0):
 garbage-first heap   total 157696K, used 91000K [0x0000000081800000, 0x0000000100000000)
  region size 1024K, 5 young (5120K), 5 survivors (5120K)
 Metaspace       used 49622K, capacity 50297K, committed 50560K, reserved 1093632K
  class space    used 5707K, capacity 5993K, committed 6016K, reserved 1048576K
}
Event: 20.200 GC heap before
{Heap before GC invocations=24 (full 0):
 garbage-first heap   total 157696K, used 117624K [0x0000000081800000, 0x0000000100000000)
  region size 1024K, 33 young (33792K), 5 survivors (5120K)
 Metaspace       used 49624K, capacity 50297K, committed 50560K, reserved 1093632K
  class space    used 5707K, capacity 5993K, committed 6016K, reserved 1048576K
}
Event: 20.214 GC heap after
{Heap after GC invocations=25 (full 0):
 garbage-first heap   total 157696K, used 93290K [0x0000000081800000, 0x0000000100000000)
  region size 1024K, 5 young (5120K), 5 survivors (5120K)
 Metaspace       used 49624K, capacity 50297K, committed 50560K, reserved 1093632K
  class space    used 5707K, capacity 5993K, committed 6016K, reserved 1048576K
}
Event: 20.724 GC heap before
{Heap before GC invocations=25 (full 0):
 garbage-first heap   total 157696K, used 121962K [0x0000000081800000, 0x0000000100000000)
  region size 1024K, 33 young (33792K), 5 survivors (5120K)
 Metaspace       used 49633K, capacity 50297K, committed 50560K, reserved 1093632K
  class space    used 5707K, capacity 5993K, committed 6016K, reserved 1048576K
}
Event: 20.736 GC heap after
{Heap after GC invocations=26 (full 0):
 garbage-first heap   total 157696K, used 97235K [0x0000000081800000, 0x0000000100000000)
  region size 1024K, 4 young (4096K), 4 survivors (4096K)
 Metaspace       used 49633K, capacity 50297K, committed 50560K, reserved 1093632K
  class space    used 5707K, capacity 5993K, committed 6016K, reserved 1048576K
}
Event: 21.249 GC heap before
{Heap before GC invocations=27 (full 0):
 garbage-first heap   total 157696K, used 123859K [0x0000000081800000, 0x0000000100000000)
  region size 1024K, 31 young (31744K), 4 survivors (4096K)
 Metaspace       used 49683K, capacity 50425K, committed 50560K, reserved 1093632K
  class space    used 5713K, capacity 5993K, committed 6016K, reserved 1048576K
}
Event: 21.261 GC heap after
{Heap after GC invocations=28 (full 0):
 garbage-first heap   total 157696K, used 100855K [0x0000000081800000, 0x0000000100000000)
  region size 1024K, 4 young (4096K), 4 survivors (4096K)
 Metaspace       used 49683K, capacity 50425K, committed 50560K, reserved 1093632K
  class space    used 5713K, capacity 5993K, committed 6016K, reserved 1048576K
}
Event: 21.468 GC heap before
{Heap before GC invocations=28 (full 0):
 garbage-first heap   total 157696K, used 102903K [0x0000000081800000, 0x0000000100000000)
  region size 1024K, 7 young (7168K), 4 survivors (4096K)
 Metaspace       used 49696K, capacity 50425K, committed 50560K, reserved 1093632K
  class space    used 5713K, capacity 5993K, committed 6016K, reserved 1048576K
}
Event: 21.476 GC heap after
{Heap after GC invocations=29 (full 0):
 garbage-first heap   total 189440K, used 101371K [0x0000000081800000, 0x0000000100000000)
  region size 1024K, 1 young (1024K), 1 survivors (1024K)
 Metaspace       used 49696K, capacity 50425K, committed 50560K, reserved 1093632K
  class space    used 5713K, capacity 5993K, committed 6016K, reserved 1048576K
}

Deoptimization events (20 events):
Event: 21.481 Thread 0x0000024186e8d000 Uncommon trap: trap_request=0xffffffde fr.pc=0x00000241f6a45128 relative=0x0000000000000108
Event: 21.481 Thread 0x0000024186e8d000 Uncommon trap: reason=class_check action=maybe_recompile pc=0x00000241f6a45128 method=jdk.internal.misc.Unsafe.allocateUninitializedArray(Ljava/lang/Class;I)Ljava/lang/Object; @ 48 c2
Event: 21.481 Thread 0x0000024186e8d000 DEOPT PACKING pc=0x00000241f6a45128 sp=0x000000c4bb8fa8b0
Event: 21.481 Thread 0x0000024186e8d000 DEOPT UNPACKING pc=0x00000241eecf74af sp=0x000000c4bb8fa838 mode 2
Event: 21.603 Thread 0x0000024186e8d000 Uncommon trap: trap_request=0xffffff4d fr.pc=0x00000241f6a3e6a4 relative=0x00000000000002a4
Event: 21.603 Thread 0x0000024186e8d000 Uncommon trap: reason=unstable_if action=reinterpret pc=0x00000241f6a3e6a4 method=java.awt.geom.AffineTransform.createInverse()Ljava/awt/geom/AffineTransform; @ 4 c2
Event: 21.603 Thread 0x0000024186e8d000 DEOPT PACKING pc=0x00000241f6a3e6a4 sp=0x000000c4bb8fc910
Event: 21.603 Thread 0x0000024186e8d000 DEOPT UNPACKING pc=0x00000241eecf74af sp=0x000000c4bb8fc8a0 mode 2
Event: 21.603 Thread 0x0000024186e8d000 Uncommon trap: trap_request=0xffffffde fr.pc=0x00000241f6a45128 relative=0x0000000000000108
Event: 21.603 Thread 0x0000024186e8d000 Uncommon trap: reason=class_check action=maybe_recompile pc=0x00000241f6a45128 method=jdk.internal.misc.Unsafe.allocateUninitializedArray(Ljava/lang/Class;I)Ljava/lang/Object; @ 48 c2
Event: 21.603 Thread 0x0000024186e8d000 DEOPT PACKING pc=0x00000241f6a45128 sp=0x000000c4bb8fabe0
Event: 21.603 Thread 0x0000024186e8d000 DEOPT UNPACKING pc=0x00000241eecf74af sp=0x000000c4bb8fab68 mode 2
Event: 21.603 Thread 0x0000024186e8d000 Uncommon trap: trap_request=0xffffffde fr.pc=0x00000241f6a45128 relative=0x0000000000000108
Event: 21.603 Thread 0x0000024186e8d000 Uncommon trap: reason=class_check action=maybe_recompile pc=0x00000241f6a45128 method=jdk.internal.misc.Unsafe.allocateUninitializedArray(Ljava/lang/Class;I)Ljava/lang/Object; @ 48 c2
Event: 21.603 Thread 0x0000024186e8d000 DEOPT PACKING pc=0x00000241f6a45128 sp=0x000000c4bb8fad30
Event: 21.603 Thread 0x0000024186e8d000 DEOPT UNPACKING pc=0x00000241eecf74af sp=0x000000c4bb8facb8 mode 2
Event: 23.042 Thread 0x0000024186e8d000 Uncommon trap: trap_request=0xffffff4d fr.pc=0x00000241f6a47bd8 relative=0x00000000000007b8
Event: 23.042 Thread 0x0000024186e8d000 Uncommon trap: reason=unstable_if action=reinterpret pc=0x00000241f6a47bd8 method=java.awt.Container.findComponentAtImpl(IIZ)Ljava/awt/Component; @ 131 c2
Event: 23.042 Thread 0x0000024186e8d000 DEOPT PACKING pc=0x00000241f6a47bd8 sp=0x000000c4bb8fce80
Event: 23.042 Thread 0x0000024186e8d000 DEOPT UNPACKING pc=0x00000241eecf74af sp=0x000000c4bb8fcd00 mode 2

Classes redefined (0 events):
No events

Internal exceptions (20 events):
Event: 10.129 Thread 0x0000024186e8d000 Exception <a 'java/lang/ClassNotFoundException'{0x00000000851b1010}: java/awt/ContainerCustomizer> (0x00000000851b1010) thrown at [./src/hotspot/share/classfile/systemDictionary.cpp, line 231]
Event: 10.132 Thread 0x0000024186e8d000 Exception <a 'java/lang/ClassNotFoundException'{0x00000000851eb2e0}: javax/swing/JComponentCustomizer> (0x00000000851eb2e0) thrown at [./src/hotspot/share/classfile/systemDictionary.cpp, line 231]
Event: 10.147 Thread 0x0000024186e8d000 Exception <a 'java/lang/ClassNotFoundException'{0x000000008509c4b0}: javax/swing/text/JTextComponentCustomizer> (0x000000008509c4b0) thrown at [./src/hotspot/share/classfile/systemDictionary.cpp, line 231]
Event: 10.155 Thread 0x0000024186e8d000 Exception <a 'java/lang/ClassNotFoundException'{0x0000000084f04ba0}: javax/swing/JTextFieldCustomizer> (0x0000000084f04ba0) thrown at [./src/hotspot/share/classfile/systemDictionary.cpp, line 231]
Event: 10.162 Thread 0x0000024186e8d000 Exception <a 'java/lang/ClassNotFoundException'{0x0000000084f41c08}: javax/swing/JFormattedTextFieldCustomizer> (0x0000000084f41c08) thrown at [./src/hotspot/share/classfile/systemDictionary.cpp, line 231]
Event: 10.166 Thread 0x0000024186e8d000 Implicit null exception at 0x00000241f67c452f to 0x00000241f67c459d
Event: 10.398 Thread 0x0000024186e8d000 Exception <a 'java/lang/NoSuchMethodError'{0x00000000892cd4a8}: 'java.lang.Object java.lang.invoke.Invokers$Holder.linkToTargetMethod(java.lang.Object, int, java.lang.Object)'> (0x00000000892cd4a8) thrown at [./src/hotspot/share/interpreter/linkResolver.cpp, line 773]
Event: 10.580 Thread 0x0000024186e8d000 Implicit null exception at 0x00000241f67f28cd to 0x00000241f67f36d6
Event: 10.680 Thread 0x0000024186e8d000 Implicit null exception at 0x00000241f67e915d to 0x00000241f67ea298
Event: 12.041 Thread 0x0000024186e8d000 Exception <a 'java/lang/ClassNotFoundException'{0x00000000861a4618}: repast/simphony/ui/parameters/ParameterValueModelBeanInfo> (0x00000000861a4618) thrown at [./src/hotspot/share/classfile/systemDictionary.cpp, line 231]
Event: 12.043 Thread 0x0000024186e8d000 Exception <a 'java/lang/ClassNotFoundException'{0x00000000861c1098}: repast/simphony/ui/parameters/ParameterValueModelCustomizer> (0x00000000861c1098) thrown at [./src/hotspot/share/classfile/systemDictionary.cpp, line 231]
Event: 13.759 Thread 0x0000024186e8d000 Exception <a 'java/lang/NoSuchMethodError'{0x00000000852110a8}: 'void java.lang.invoke.DirectMethodHandle$Holder.invokeStatic(java.lang.Object, long)'> (0x00000000852110a8) thrown at [./src/hotspot/share/interpreter/linkResolver.cpp, line 773]
Event: 13.759 Thread 0x0000024186e8d000 Exception <a 'java/lang/NoSuchMethodError'{0x0000000085216568}: 'java.lang.Object java.lang.invoke.DirectMethodHandle$Holder.invokeStatic(java.lang.Object, long)'> (0x0000000085216568) thrown at [./src/hotspot/share/interpreter/linkResolver.cpp, line 773]
Event: 13.761 Thread 0x0000024186e8d000 Exception <a 'java/lang/NoSuchMethodError'{0x0000000085224950}: 'java.lang.Object java.lang.invoke.DirectMethodHandle$Holder.invokeStaticInit(java.lang.Object, java.lang.Object, long, java.lang.Object)'> (0x0000000085224950) thrown at [./src/hotspot/share/interpreter/linkResolver.cpp, line 773]
Event: 13.762 Thread 0x0000024186e8d000 Exception <a 'java/lang/NoSuchMethodError'{0x000000008522aaa8}: 'java.lang.Object java.lang.invoke.DirectMethodHandle$Holder.invokeStatic(java.lang.Object, java.lang.Object, long)'> (0x000000008522aaa8) thrown at [./src/hotspot/share/interpreter/linkResolver.cpp, line 773]
Event: 13.762 Thread 0x0000024186e8d000 Exception <a 'java/lang/NoSuchMethodError'{0x0000000085231020}: 'java.lang.Object java.lang.invoke.Invokers$Holder.linkToTargetMethod(java.lang.Object, long, java.lang.Object)'> (0x0000000085231020) thrown at [./src/hotspot/share/interpreter/linkResolver.cpp, line 773]
Event: 21.199 Thread 0x0000024186ec7000 Implicit null exception at 0x00000241f69fddc5 to 0x00000241f6a009d8
Event: 21.200 Thread 0x0000024186ec7000 Implicit null exception at 0x00000241f6a1a793 to 0x00000241f6a1bcb0
Event: 21.200 Thread 0x0000024186ec7000 Implicit null exception at 0x00000241f6a17cc6 to 0x00000241f6a18c62
Event: 21.200 Thread 0x0000024186ec7000 Implicit null exception at 0x00000241f6a1e624 to 0x00000241f6a1ee28

Events (20 events):
Event: 21.466 Executing VM operation: RevokeBias
Event: 21.466 Executing VM operation: RevokeBias done
Event: 21.467 loading class com/sun/java/swing/plaf/windows/AnimationController$AnimationState
Event: 21.467 loading class com/sun/java/swing/plaf/windows/AnimationController$AnimationState done
Event: 21.467 Executing VM operation: G1CollectForAllocation
Event: 21.476 Executing VM operation: G1CollectForAllocation done
Event: 21.600 loading class saf/core/ui/msg/MessageTableModel$DatedEvent
Event: 21.600 loading class saf/core/ui/msg/MessageTableModel$DatedEvent done
Event: 21.602 loading class javax/swing/event/TableModelEvent
Event: 21.602 loading class javax/swing/event/TableModelEvent done
Event: 21.606 loading class java/util/EnumMap$KeySet
Event: 21.607 loading class java/util/EnumMap$KeySet done
Event: 21.607 loading class java/util/EnumMap$KeyIterator
Event: 21.607 loading class java/util/EnumMap$EnumMapIterator
Event: 21.607 loading class java/util/EnumMap$EnumMapIterator done
Event: 21.607 loading class java/util/EnumMap$KeyIterator done
Event: 21.651 Executing VM operation: CGC_Operation
Event: 21.656 Executing VM operation: CGC_Operation done
Event: 21.741 Executing VM operation: CGC_Operation
Event: 21.741 Executing VM operation: CGC_Operation done


Dynamic libraries:
0x00007ff668780000 - 0x00007ff66878d000 	C:\Program Files (x86)\RepastSimphony-2.8\eclipse\jdk11\bin\javaw.exe
0x00007ffcc5900000 - 0x00007ffcc5af0000 	C:\WINDOWS\SYSTEM32\ntdll.dll
0x00007ffc93700000 - 0x00007ffc93712000 	C:\Program Files\AVAST Software\Avast\aswhook.dll
0x00007ffcc39b0000 - 0x00007ffcc3a62000 	C:\WINDOWS\System32\KERNEL32.DLL
0x00007ffcc3290000 - 0x00007ffcc3535000 	C:\WINDOWS\System32\KERNELBASE.dll
0x00007ffcc3800000 - 0x00007ffcc38fa000 	C:\WINDOWS\System32\ucrtbase.dll
0x00007ffcbb530000 - 0x00007ffcbb547000 	C:\Program Files (x86)\RepastSimphony-2.8\eclipse\jdk11\bin\jli.dll
0x00007ffcc5210000 - 0x00007ffcc53a4000 	C:\WINDOWS\System32\USER32.dll
0x00007ffcc2890000 - 0x00007ffcc28b1000 	C:\WINDOWS\System32\win32u.dll
0x00007ffcc41f0000 - 0x00007ffcc4216000 	C:\WINDOWS\System32\GDI32.dll
0x00007ffcc28f0000 - 0x00007ffcc2a86000 	C:\WINDOWS\System32\gdi32full.dll
0x00007ffcc3540000 - 0x00007ffcc35de000 	C:\WINDOWS\System32\msvcp_win.dll
0x00007ffcbb510000 - 0x00007ffcbb525000 	C:\Program Files (x86)\RepastSimphony-2.8\eclipse\jdk11\bin\VCRUNTIME140.dll
0x00007ffcb2bb0000 - 0x00007ffcb2e34000 	C:\WINDOWS\WinSxS\amd64_microsoft.windows.common-controls_6595b64144ccf1df_6.0.18362.1139_none_9e7bf2d3e4605ac6\COMCTL32.dll
0x00007ffcc4e30000 - 0x00007ffcc4ece000 	C:\WINDOWS\System32\msvcrt.dll
0x00007ffcc3ce0000 - 0x00007ffcc4015000 	C:\WINDOWS\System32\combase.dll
0x00007ffcc4030000 - 0x00007ffcc4150000 	C:\WINDOWS\System32\RPCRT4.dll
0x00007ffcc3780000 - 0x00007ffcc3800000 	C:\WINDOWS\System32\bcryptPrimitives.dll
0x00007ffcc4290000 - 0x00007ffcc42be000 	C:\WINDOWS\System32\IMM32.DLL
0x00007ffc99d90000 - 0x00007ffc99e2b000 	C:\Program Files (x86)\RepastSimphony-2.8\eclipse\jdk11\bin\msvcp140.dll
0x00007ffc63590000 - 0x00007ffc6404d000 	C:\Program Files (x86)\RepastSimphony-2.8\eclipse\jdk11\bin\server\jvm.dll
0x00007ffcc5600000 - 0x00007ffcc56a3000 	C:\WINDOWS\System32\ADVAPI32.dll
0x00007ffcc4150000 - 0x00007ffcc41e7000 	C:\WINDOWS\System32\sechost.dll
0x00007ffcc5190000 - 0x00007ffcc5198000 	C:\WINDOWS\System32\PSAPI.DLL
0x00007ffcc12e0000 - 0x00007ffcc12e9000 	C:\WINDOWS\SYSTEM32\WSOCK32.dll
0x00007ffcc4220000 - 0x00007ffcc428f000 	C:\WINDOWS\System32\WS2_32.dll
0x00007ffcbf070000 - 0x00007ffcbf094000 	C:\WINDOWS\SYSTEM32\WINMM.dll
0x00007ffcba5c0000 - 0x00007ffcba5ca000 	C:\WINDOWS\SYSTEM32\VERSION.dll
0x00007ffcbf040000 - 0x00007ffcbf06d000 	C:\WINDOWS\SYSTEM32\WINMMBASE.dll
0x00007ffcc35e0000 - 0x00007ffcc362a000 	C:\WINDOWS\System32\cfgmgr32.dll
0x00007ffcc27d0000 - 0x00007ffcc27e1000 	C:\WINDOWS\System32\kernel.appcore.dll
0x00007ffcbbf90000 - 0x00007ffcbbfa0000 	C:\Program Files (x86)\RepastSimphony-2.8\eclipse\jdk11\bin\verify.dll
0x00007ffcc1090000 - 0x00007ffcc1284000 	C:\WINDOWS\SYSTEM32\DBGHELP.DLL
0x00007ffcb4d20000 - 0x00007ffcb4d4a000 	C:\WINDOWS\SYSTEM32\dbgcore.DLL
0x00007ffcba930000 - 0x00007ffcba958000 	C:\Program Files (x86)\RepastSimphony-2.8\eclipse\jdk11\bin\java.dll
0x00007ffcbbc10000 - 0x00007ffcbbc1a000 	C:\Program Files (x86)\RepastSimphony-2.8\eclipse\jdk11\bin\jimage.dll
0x00007ffcbb460000 - 0x00007ffcbb477000 	C:\Program Files (x86)\RepastSimphony-2.8\eclipse\jdk11\bin\zip.dll
0x00007ffcc4740000 - 0x00007ffcc4e27000 	C:\WINDOWS\System32\SHELL32.dll
0x00007ffcc4ed0000 - 0x00007ffcc4f79000 	C:\WINDOWS\System32\shcore.dll
0x00007ffcc2ab0000 - 0x00007ffcc3230000 	C:\WINDOWS\System32\windows.storage.dll
0x00007ffcc2860000 - 0x00007ffcc2883000 	C:\WINDOWS\System32\profapi.dll
0x00007ffcc27f0000 - 0x00007ffcc283a000 	C:\WINDOWS\System32\powrprof.dll
0x00007ffcc27c0000 - 0x00007ffcc27d0000 	C:\WINDOWS\System32\UMPDC.dll
0x00007ffcc3a70000 - 0x00007ffcc3ac2000 	C:\WINDOWS\System32\shlwapi.dll
0x00007ffcc2a90000 - 0x00007ffcc2aa7000 	C:\WINDOWS\System32\cryptsp.dll
0x00007ffcbb310000 - 0x00007ffcbb329000 	C:\Program Files (x86)\RepastSimphony-2.8\eclipse\jdk11\bin\net.dll
0x00007ffcb4670000 - 0x00007ffcb4760000 	C:\WINDOWS\SYSTEM32\WINHTTP.dll
0x00007ffcc2010000 - 0x00007ffcc2077000 	C:\WINDOWS\system32\mswsock.dll
0x00007ffcba710000 - 0x00007ffcba722000 	C:\Program Files (x86)\RepastSimphony-2.8\eclipse\jdk11\bin\nio.dll
0x00007ffc98010000 - 0x00007ffc981a9000 	C:\Program Files (x86)\RepastSimphony-2.8\eclipse\jdk11\bin\awt.dll
0x00007ffcc3ad0000 - 0x00007ffcc3b95000 	C:\WINDOWS\System32\OLEAUT32.dll
0x00007ffcc0660000 - 0x00007ffcc06ef000 	C:\WINDOWS\SYSTEM32\apphelp.dll
0x00007ffcc0730000 - 0x00007ffcc07c9000 	C:\WINDOWS\system32\uxtheme.dll
0x00007ffcc3ba0000 - 0x00007ffcc3cd5000 	C:\WINDOWS\System32\MSCTF.dll
0x00007ffcc54a0000 - 0x00007ffcc55f7000 	C:\WINDOWS\System32\ole32.dll
0x00007ffcc0b60000 - 0x00007ffcc0b8d000 	C:\WINDOWS\system32\DWMAPI.DLL
0x00007ffca4b30000 - 0x00007ffca4c86000 	C:\WINDOWS\system32\opengl32.dll
0x00007ffca4b00000 - 0x00007ffca4b2c000 	C:\WINDOWS\SYSTEM32\GLU32.dll
0x00007ffcc1410000 - 0x00007ffcc1430000 	C:\WINDOWS\SYSTEM32\dxcore.dll
0x00007ffcbea80000 - 0x00007ffcbea89000 	C:\Program Files (x86)\RepastSimphony-2.8\eclipse\jdk11\bin\prefs.dll
0x00007ffcb1610000 - 0x00007ffcb1692000 	C:\Program Files (x86)\RepastSimphony-2.8\eclipse\jdk11\bin\freetype.dll
0x00007ffc9c3a0000 - 0x00007ffc9c446000 	C:\Program Files (x86)\RepastSimphony-2.8\eclipse\jdk11\bin\fontmanager.dll
0x00007ffcc1b80000 - 0x00007ffcc1bb3000 	C:\WINDOWS\system32\rsaenh.dll
0x00007ffcc28c0000 - 0x00007ffcc28e6000 	C:\WINDOWS\System32\bcrypt.dll
0x00007ffcc26e0000 - 0x00007ffcc2705000 	C:\WINDOWS\SYSTEM32\USERENV.dll
0x00007ffcc21e0000 - 0x00007ffcc21ec000 	C:\WINDOWS\SYSTEM32\CRYPTBASE.dll
0x00007ffcc1d20000 - 0x00007ffcc1d5a000 	C:\WINDOWS\SYSTEM32\IPHLPAPI.DLL
0x00007ffcc4020000 - 0x00007ffcc4028000 	C:\WINDOWS\System32\NSI.dll
0x00007ffcb4cf0000 - 0x00007ffcb4d06000 	C:\WINDOWS\SYSTEM32\dhcpcsvc6.DLL
0x00007ffcb4cd0000 - 0x00007ffcb4cec000 	C:\WINDOWS\SYSTEM32\dhcpcsvc.DLL
0x00007ffcc1d60000 - 0x00007ffcc1e2b000 	C:\WINDOWS\SYSTEM32\DNSAPI.dll
0x00007ffcb22e0000 - 0x00007ffcb2389000 	C:\WINDOWS\WinSxS\amd64_microsoft.windows.common-controls_6595b64144ccf1df_5.82.18362.1139_none_73b3ffb6d815397f\comctl32.dll
0x00007ffcc5730000 - 0x00007ffcc57d2000 	C:\WINDOWS\System32\clbcatq.dll
0x00007ffcbd730000 - 0x00007ffcbd8df000 	C:\WINDOWS\SYSTEM32\WindowsCodecs.dll
0x00007ffc98d10000 - 0x00007ffc98d4a000 	C:\WINDOWS\system32\dataexchange.dll
0x00007ffcbf810000 - 0x00007ffcbfa6b000 	C:\WINDOWS\system32\d3d11.dll
0x00007ffcbfed0000 - 0x00007ffcc00ad000 	C:\WINDOWS\system32\dcomp.dll
0x00007ffcc14a0000 - 0x00007ffcc158b000 	C:\WINDOWS\system32\dxgi.dll
0x00007ffcc0800000 - 0x00007ffcc0a62000 	C:\WINDOWS\system32\twinapi.appcore.dll
0x00007ffcc0b90000 - 0x00007ffcc0bb9000 	C:\WINDOWS\system32\RMCLIENT.dll
0x00007ffca6bc0000 - 0x00007ffca6c5e000 	C:\WINDOWS\System32\TextInputFramework.dll
0x00007ffcbe170000 - 0x00007ffcbe49a000 	C:\WINDOWS\System32\CoreUIComponents.dll
0x00007ffcc0420000 - 0x00007ffcc04f4000 	C:\WINDOWS\System32\CoreMessaging.dll
0x00007ffcc1800000 - 0x00007ffcc1831000 	C:\WINDOWS\SYSTEM32\ntmarta.dll
0x00007ffcbe000000 - 0x00007ffcbe153000 	C:\WINDOWS\SYSTEM32\wintypes.dll
0x00007ffcb1870000 - 0x00007ffcb1b17000 	C:\WINDOWS\System32\iertutil.dll
0x000000006e8c0000 - 0x000000006e8cd000 	C:\Users\invidia\AppData\Local\Temp\jogamp_0000\file_cache\jln2845027148910285033\jln2645488613466554584\natives\windows-amd64\gluegen_rt.dll
0x00007ffcbe720000 - 0x00007ffcbe727000 	C:\Program Files (x86)\RepastSimphony-2.8\eclipse\jdk11\bin\jawt.dll
0x000000006a440000 - 0x000000006a44d000 	C:\Users\invidia\AppData\Local\Temp\jogamp_0000\file_cache\jln2845027148910285033\jln2645488613466554584\natives\windows-amd64\nativewindow_awt.dll
0x000000006c100000 - 0x000000006c110000 	C:\Users\invidia\AppData\Local\Temp\jogamp_0000\file_cache\jln2845027148910285033\jln2645488613466554584\natives\windows-amd64\nativewindow_win32.dll
0x0000000064500000 - 0x0000000064585000 	C:\Users\invidia\AppData\Local\Temp\jogamp_0000\file_cache\jln2845027148910285033\jln2645488613466554584\natives\windows-amd64\jogl_desktop.dll
0x0000000064340000 - 0x0000000064391000 	C:\Users\invidia\AppData\Local\Temp\jogamp_0000\file_cache\jln2845027148910285033\jln2645488613466554584\natives\windows-amd64\jogl_mobile.dll
0x00007ffc64cf0000 - 0x00007ffc65c55000 	C:\WINDOWS\System32\DriverStore\FileRepository\igdlh64.inf_amd64_9f310939ec1eebf9\ig9icd64.dll
0x00007ffcb82a0000 - 0x00007ffcb83f3000 	C:\WINDOWS\System32\DriverStore\FileRepository\igdlh64.inf_amd64_9f310939ec1eebf9\igdgmm64.dll
0x00007ffcb5f20000 - 0x00007ffcb829f000 	C:\WINDOWS\System32\DriverStore\FileRepository\igdlh64.inf_amd64_9f310939ec1eebf9\igc64.dll

dbghelp: loaded successfully - version: 4.0.5 - missing functions: none
symbol engine: initialized successfully - sym options: 0x614 - pdb path: .;C:\Program Files (x86)\RepastSimphony-2.8\eclipse\jdk11\bin;C:\WINDOWS\SYSTEM32;C:\Program Files\AVAST Software\Avast;C:\WINDOWS\WinSxS\amd64_microsoft.windows.common-controls_6595b64144ccf1df_6.0.18362.1139_none_9e7bf2d3e4605ac6;C:\Program Files (x86)\RepastSimphony-2.8\eclipse\jdk11\bin\server;C:\WINDOWS\WinSxS\amd64_microsoft.windows.common-controls_6595b64144ccf1df_5.82.18362.1139_none_73b3ffb6d815397f;C:\Users\invidia\AppData\Local\Temp\jogamp_0000\file_cache\jln2845027148910285033\jln2645488613466554584\natives\windows-amd64;C:\WINDOWS\System32\DriverStore\FileRepository\igdlh64.inf_amd64_9f310939ec1eebf9

VM Arguments:
jvm_args: -XX:+IgnoreUnrecognizedVMOptions --add-modules=ALL-SYSTEM --add-exports=java.base/jdk.internal.ref=ALL-UNNAMED -Dfile.encoding=Cp1252 
java_command: repast.simphony.runtime.RepastMain C:\Users\invidia\eclipse-workspace\Pear2Pear_DS2_Assignment1/Pear2Pear_DS2_Assignment1.rs
java_class_path (initial): C:\Program Files (x86)\RepastSimphony-2.8\eclipse\plugins\org.codehaus.groovy_2.4.20.v202009301404-e2006-RELEASE\lib\groovy-all-2.4.20.jar;C:\Program Files (x86)\RepastSimphony-2.8\eclipse\plugins\org.codehaus.groovy_2.4.20.v202009301404-e2006-RELEASE\lib\ivy-2.4.0.jar;C:\Program Files (x86)\RepastSimphony-2.8\eclipse\plugins\repast.simphony.runtime_2.8.0\bin;C:\Program Files (x86)\RepastSimphony-2.8\eclipse\plugins\repast.simphony.runtime_2.8.0\lib\saf.core.runtime.jar;C:\Program Files (x86)\RepastSimphony-2.8\eclipse\plugins\repast.simphony.runtime_2.8.0\lib\commons-logging-1.1.2.jar;C:\Program Files (x86)\RepastSimphony-2.8\eclipse\plugins\repast.simphony.runtime_2.8.0\lib\javassist-3.17.1-GA.jar;C:\Program Files (x86)\RepastSimphony-2.8\eclipse\plugins\repast.simphony.runtime_2.8.0\lib\jpf.jar;C:\Program Files (x86)\RepastSimphony-2.8\eclipse\plugins\repast.simphony.runtime_2.8.0\lib\jpf-boot.jar;C:\Program Files (x86)\RepastSimphony-2.8\eclipse\plugins\repast.simphony.runtime_2.8.0\lib\log4j-1.2.16.jar;C:\Program Files (x86)\RepastSimphony-2.8\eclipse\plugins\repast.simphony.runtime_2.8.0\lib\xpp3_min-1.1.4c.jar;C:\Program Files (x86)\RepastSimphony-2.8\eclipse\plugins\repast.simphony.runtime_2.8.0\lib\xstream-1.4.7.jar;C:\Program Files (x86)\RepastSimphony-2.8\eclipse\plugins\repast.simphony.runtime_2.8.0\lib\xmlpull-1.1.3.1.jar;C:\Program Files (x86)\RepastSimphony-2.8\eclipse\plugins\repast.simphony.runtime_2.8.0\lib\commons-cli-1.2.jar
Launcher Type: SUN_STANDARD

[Global flags]
     intx CICompilerCount                          = 3                                         {product} {ergonomic}
     uint ConcGCThreads                            = 1                                         {product} {ergonomic}
     uint G1ConcRefinementThreads                  = 4                                         {product} {ergonomic}
   size_t G1HeapRegionSize                         = 1048576                                   {product} {ergonomic}
    uintx GCDrainStackTargetSize                   = 64                                        {product} {ergonomic}
     bool IgnoreUnrecognizedVMOptions              = true                                      {product} {command line}
   size_t InitialHeapSize                          = 134217728                                 {product} {ergonomic}
   size_t MarkStackSize                            = 4194304                                   {product} {ergonomic}
   size_t MaxHeapSize                              = 2122317824                                {product} {ergonomic}
   size_t MaxNewSize                               = 1272971264                                {product} {ergonomic}
   size_t MinHeapDeltaBytes                        = 1048576                                   {product} {ergonomic}
    uintx NonNMethodCodeHeapSize                   = 5830732                                {pd product} {ergonomic}
    uintx NonProfiledCodeHeapSize                  = 122913754                              {pd product} {ergonomic}
    uintx ProfiledCodeHeapSize                     = 122913754                              {pd product} {ergonomic}
    uintx ReservedCodeCacheSize                    = 251658240                              {pd product} {ergonomic}
     bool SegmentedCodeCache                       = true                                      {product} {ergonomic}
     bool UseCompressedClassPointers               = true                                 {lp64_product} {ergonomic}
     bool UseCompressedOops                        = true                                 {lp64_product} {ergonomic}
     bool UseG1GC                                  = true                                      {product} {ergonomic}
     bool UseLargePagesIndividualAllocation        = false                                  {pd product} {ergonomic}

Logging:
Log output configuration:
 #0: stdout all=warning uptime,level,tags
 #1: stderr all=off uptime,level,tags

Environment Variables:
JAVA_HOME=C:\Program Files\Java\jdk1.8.0_77
PATH=C:\Python27\;C:\Python27\Scripts;C:\Program Files\Java\jdk1.8.0_77\bin;C:\ProgramData\Oracle\Java\javapath;C:\Program Files (x86)\Intel\iCLS Client\;C:\Program Files\Intel\iCLS Client\;C:\Windows\system32;C:\Windows;C:\Windows\System32\Wbem;C:\Windows\System32\WindowsPowerShell\v1.0\;C:\Program Files (x86)\Intel\Intel(R) Management Engine Components\DAL;C:\Program Files\Intel\Intel(R) Management Engine Components\DAL;C:\Program Files (x86)\Intel\Intel(R) Management Engine Components\IPT;C:\Program Files\Intel\Intel(R) Management Engine Components\IPT;C:\Program Files (x86)\NVIDIA Corporation\PhysX\Common;C:\WINDOWS\system32;C:\WINDOWS;C:\WINDOWS\System32\Wbem;C:\WINDOWS\System32\WindowsPowerShell\v1.0\;C:\Program Files\PuTTY\;C:\Program Files\Apache\maven\bin;C:\WINDOWS\System32\OpenSSH\;C:\Program Files\Git\cmd;C:\Program Files\NVIDIA Corporation\NVIDIA NvDLISR;C:\Program Files\nodejs\;C:\Users\invidia\Anaconda3\python.exe;C:\WINDOWS\system32;C:\WINDOWS;C:\WINDOWS\System32\Wbem;C:\WINDOWS\System32\WindowsPowerShell\v1.0\;C:\WINDOWS\System32\OpenSSH\;C:\Program Files\Intel\WiFi\bin\;C:\Program Files\Common Files\Intel\WirelessCommon\;C:\Program Files\PostgreSQL\12\bin;C:\Program Files\PostgreSQL\12\lib;C:\wamp64\bin\php\php7.4.0;C:\Users\invidia\AppData\Local\Microsoft\WindowsApps;C:\Users\invidia\AppData\Local\GitHubDesktop\bin;C:\Users\invidia\AppData\Local\atom\bin;C:\Users\invidia\AppData\Roaming\npm;C:\Users\invidia\AppData\Local\Microsoft\WindowsApps;C:\Program Files\Intel\WiFi\bin\;C:\Program Files\Common Files\Intel\WirelessCommon\;C:\Program Files\Docker Toolbox
USERNAME=invidia
OS=Windows_NT
PROCESSOR_IDENTIFIER=Intel64 Family 6 Model 78 Stepping 3, GenuineIntel



---------------  S Y S T E M  ---------------

OS: Windows 10 , 64 bit Build 18362 (10.0.18362.1110)
OS uptime: 7 days 23:16 hours

CPU:total 4 (initial active 4) (2 cores per cpu, 2 threads per core) family 6 model 78 stepping 3, cmov, cx8, fxsr, mmx, sse, sse2, sse3, ssse3, sse4.1, sse4.2, popcnt, avx, avx2, aes, clmul, erms, 3dnowpref, lzcnt, ht, tsc, tscinvbit, bmi1, bmi2, adx, fma

Memory: 4k page, system-wide physical 8090M (731M free)
TotalPageFile size 12186M (AvailPageFile size 5M)
current process WorkingSet (physical memory assigned to process): 350M, peak: 355M
current process commit charge ("private bytes"): 382M, peak: 383M

vm_info: OpenJDK 64-Bit Server VM (11.0.8+10) for windows-amd64 JRE (11.0.8+10), built on Jul 15 2020 11:45:54 by "" with MS VC++ 15.9 (VS2017)

END.
