2020-11-18 23:25:06,737 - ************************************************************** 
2020-11-18 23:25:06,737 - Starting Jakarta Velocity v1.4
2020-11-18 23:25:06,737 - RuntimeInstance initializing.
2020-11-18 23:25:06,737 - Default Properties File: org\apache\velocity\runtime\defaults\velocity.properties
2020-11-18 23:25:06,737 - Trying to use logger class org.apache.velocity.runtime.log.SimpleLog4JLogSystem
2020-11-18 23:25:06,737 - Using logger class org.apache.velocity.runtime.log.SimpleLog4JLogSystem
2020-11-18 23:25:06,739 - Default ResourceManager initializing. (class org.apache.velocity.runtime.resource.ResourceManagerImpl)
2020-11-18 23:25:06,740 - Resource Loader Instantiated: org.apache.velocity.runtime.resource.loader.ClasspathResourceLoader
2020-11-18 23:25:06,742 - ClasspathResourceLoader : initialization starting.
2020-11-18 23:25:06,742 - ClasspathResourceLoader : initialization complete.
2020-11-18 23:25:06,744 - ResourceCache : initialized. (class org.apache.velocity.runtime.resource.ResourceCacheImpl)
2020-11-18 23:25:06,744 - Default ResourceManager initialization complete.
2020-11-18 23:25:06,745 - Loaded System Directive: org.apache.velocity.runtime.directive.Literal
2020-11-18 23:25:06,746 - Loaded System Directive: org.apache.velocity.runtime.directive.Macro
2020-11-18 23:25:06,747 - Loaded System Directive: org.apache.velocity.runtime.directive.Parse
2020-11-18 23:25:06,748 - Loaded System Directive: org.apache.velocity.runtime.directive.Include
2020-11-18 23:25:06,749 - Loaded System Directive: org.apache.velocity.runtime.directive.Foreach
2020-11-18 23:25:06,773 - Created: 20 parsers.
2020-11-18 23:25:06,777 - Velocimacro : initialization starting.
2020-11-18 23:25:06,777 - Velocimacro : adding VMs from VM library template : VM_global_library.vm
2020-11-18 23:25:06,779 - ResourceManager : unable to find resource 'VM_global_library.vm' in any resource loader.
2020-11-18 23:25:06,779 - Velocimacro : error using  VM library template VM_global_library.vm : org.apache.velocity.exception.ResourceNotFoundException: Unable to find resource 'VM_global_library.vm'
2020-11-18 23:25:06,779 - Velocimacro :  VM library template macro registration complete.
2020-11-18 23:25:06,779 - Velocimacro : allowInline = true : VMs can be defined inline in templates
2020-11-18 23:25:06,779 - Velocimacro : allowInlineToOverride = false : VMs defined inline may NOT replace previous VM definitions
2020-11-18 23:25:06,779 - Velocimacro : allowInlineLocal = false : VMs defined inline will be  global in scope if allowed.
2020-11-18 23:25:06,779 - Velocimacro : messages on  : VM system will output logging messages
2020-11-18 23:25:06,780 - Velocimacro : autoload off  : VM system will not automatically reload global library macros
2020-11-18 23:25:06,780 - Velocimacro : initialization complete.
2020-11-18 23:25:06,780 - Velocity successfully started.
2020-11-18 23:28:22,482 - SimpleLog4JLogSystem initialized using logfile 'velocity.log'
2020-11-18 23:28:22,482 - ************************************************************** 
2020-11-18 23:28:22,482 - Starting Jakarta Velocity v1.4
2020-11-18 23:28:22,482 - RuntimeInstance initializing.
2020-11-18 23:28:22,482 - Default Properties File: org\apache\velocity\runtime\defaults\velocity.properties
2020-11-18 23:28:22,482 - Trying to use logger class org.apache.velocity.runtime.log.SimpleLog4JLogSystem
2020-11-18 23:28:22,482 - Using logger class org.apache.velocity.runtime.log.SimpleLog4JLogSystem
2020-11-18 23:28:22,484 - Default ResourceManager initializing. (class org.apache.velocity.runtime.resource.ResourceManagerImpl)
2020-11-18 23:28:22,486 - Resource Loader Instantiated: org.apache.velocity.runtime.resource.loader.ClasspathResourceLoader
2020-11-18 23:28:22,486 - ClasspathResourceLoader : initialization starting.
2020-11-18 23:28:22,486 - ClasspathResourceLoader : initialization complete.
2020-11-18 23:28:22,486 - ResourceCache : initialized. (class org.apache.velocity.runtime.resource.ResourceCacheImpl)
2020-11-18 23:28:22,486 - Default ResourceManager initialization complete.
2020-11-18 23:28:22,488 - Loaded System Directive: org.apache.velocity.runtime.directive.Literal
2020-11-18 23:28:22,488 - Loaded System Directive: org.apache.velocity.runtime.directive.Macro
2020-11-18 23:28:22,490 - Loaded System Directive: org.apache.velocity.runtime.directive.Parse
2020-11-18 23:28:22,490 - Loaded System Directive: org.apache.velocity.runtime.directive.Include
2020-11-18 23:28:22,491 - Loaded System Directive: org.apache.velocity.runtime.directive.Foreach
2020-11-18 23:28:22,514 - Created: 20 parsers.
2020-11-18 23:28:22,517 - Velocimacro : initialization starting.
2020-11-18 23:28:22,518 - Velocimacro : adding VMs from VM library template : VM_global_library.vm
2020-11-18 23:28:22,519 - ResourceManager : unable to find resource 'VM_global_library.vm' in any resource loader.
2020-11-18 23:28:22,519 - Velocimacro : error using  VM library template VM_global_library.vm : org.apache.velocity.exception.ResourceNotFoundException: Unable to find resource 'VM_global_library.vm'
2020-11-18 23:28:22,519 - Velocimacro :  VM library template macro registration complete.
2020-11-18 23:28:22,520 - Velocimacro : allowInline = true : VMs can be defined inline in templates
2020-11-18 23:28:22,520 - Velocimacro : allowInlineToOverride = false : VMs defined inline may NOT replace previous VM definitions
2020-11-18 23:28:22,520 - Velocimacro : allowInlineLocal = false : VMs defined inline will be  global in scope if allowed.
2020-11-18 23:28:22,520 - Velocimacro : messages on  : VM system will output logging messages
2020-11-18 23:28:22,520 - Velocimacro : autoload off  : VM system will not automatically reload global library macros
2020-11-18 23:28:22,520 - Velocimacro : initialization complete.
2020-11-18 23:28:22,520 - Velocity successfully started.
2020-11-18 23:29:34,373 - SimpleLog4JLogSystem initialized using logfile 'velocity.log'
2020-11-18 23:29:34,373 - ************************************************************** 
2020-11-18 23:29:34,373 - Starting Jakarta Velocity v1.4
2020-11-18 23:29:34,373 - RuntimeInstance initializing.
2020-11-18 23:29:34,373 - Default Properties File: org\apache\velocity\runtime\defaults\velocity.properties
2020-11-18 23:29:34,374 - Trying to use logger class org.apache.velocity.runtime.log.SimpleLog4JLogSystem
2020-11-18 23:29:34,374 - Using logger class org.apache.velocity.runtime.log.SimpleLog4JLogSystem
2020-11-18 23:29:34,375 - Default ResourceManager initializing. (class org.apache.velocity.runtime.resource.ResourceManagerImpl)
2020-11-18 23:29:34,378 - Resource Loader Instantiated: org.apache.velocity.runtime.resource.loader.ClasspathResourceLoader
2020-11-18 23:29:34,378 - ClasspathResourceLoader : initialization starting.
2020-11-18 23:29:34,378 - ClasspathResourceLoader : initialization complete.
2020-11-18 23:29:34,379 - ResourceCache : initialized. (class org.apache.velocity.runtime.resource.ResourceCacheImpl)
2020-11-18 23:29:34,379 - Default ResourceManager initialization complete.
2020-11-18 23:29:34,380 - Loaded System Directive: org.apache.velocity.runtime.directive.Literal
2020-11-18 23:29:34,380 - Loaded System Directive: org.apache.velocity.runtime.directive.Macro
2020-11-18 23:29:34,381 - Loaded System Directive: org.apache.velocity.runtime.directive.Parse
2020-11-18 23:29:34,382 - Loaded System Directive: org.apache.velocity.runtime.directive.Include
2020-11-18 23:29:34,382 - Loaded System Directive: org.apache.velocity.runtime.directive.Foreach
2020-11-18 23:29:34,406 - Created: 20 parsers.
2020-11-18 23:29:34,409 - Velocimacro : initialization starting.
2020-11-18 23:29:34,409 - Velocimacro : adding VMs from VM library template : VM_global_library.vm
2020-11-18 23:29:34,411 - ResourceManager : unable to find resource 'VM_global_library.vm' in any resource loader.
2020-11-18 23:29:34,411 - Velocimacro : error using  VM library template VM_global_library.vm : org.apache.velocity.exception.ResourceNotFoundException: Unable to find resource 'VM_global_library.vm'
2020-11-18 23:29:34,411 - Velocimacro :  VM library template macro registration complete.
2020-11-18 23:29:34,411 - Velocimacro : allowInline = true : VMs can be defined inline in templates
2020-11-18 23:29:34,411 - Velocimacro : allowInlineToOverride = false : VMs defined inline may NOT replace previous VM definitions
2020-11-18 23:29:34,411 - Velocimacro : allowInlineLocal = false : VMs defined inline will be  global in scope if allowed.
2020-11-18 23:29:34,411 - Velocimacro : messages on  : VM system will output logging messages
2020-11-18 23:29:34,411 - Velocimacro : autoload off  : VM system will not automatically reload global library macros
2020-11-18 23:29:34,411 - Velocimacro : initialization complete.
2020-11-18 23:29:34,411 - Velocity successfully started.
2020-11-18 23:33:18,141 - SimpleLog4JLogSystem initialized using logfile 'velocity.log'
2020-11-18 23:33:18,141 - ************************************************************** 
2020-11-18 23:33:18,141 - Starting Jakarta Velocity v1.4
2020-11-18 23:33:18,141 - RuntimeInstance initializing.
2020-11-18 23:33:18,141 - Default Properties File: org\apache\velocity\runtime\defaults\velocity.properties
2020-11-18 23:33:18,141 - Trying to use logger class org.apache.velocity.runtime.log.SimpleLog4JLogSystem
2020-11-18 23:33:18,141 - Using logger class org.apache.velocity.runtime.log.SimpleLog4JLogSystem
2020-11-18 23:33:18,143 - Default ResourceManager initializing. (class org.apache.velocity.runtime.resource.ResourceManagerImpl)
2020-11-18 23:33:18,145 - Resource Loader Instantiated: org.apache.velocity.runtime.resource.loader.ClasspathResourceLoader
2020-11-18 23:33:18,145 - ClasspathResourceLoader : initialization starting.
2020-11-18 23:33:18,145 - ClasspathResourceLoader : initialization complete.
2020-11-18 23:33:18,145 - ResourceCache : initialized. (class org.apache.velocity.runtime.resource.ResourceCacheImpl)
2020-11-18 23:33:18,146 - Default ResourceManager initialization complete.
2020-11-18 23:33:18,147 - Loaded System Directive: org.apache.velocity.runtime.directive.Literal
2020-11-18 23:33:18,147 - Loaded System Directive: org.apache.velocity.runtime.directive.Macro
2020-11-18 23:33:18,149 - Loaded System Directive: org.apache.velocity.runtime.directive.Parse
2020-11-18 23:33:18,150 - Loaded System Directive: org.apache.velocity.runtime.directive.Include
2020-11-18 23:33:18,150 - Loaded System Directive: org.apache.velocity.runtime.directive.Foreach
2020-11-18 23:33:18,172 - Created: 20 parsers.
2020-11-18 23:33:18,175 - Velocimacro : initialization starting.
2020-11-18 23:33:18,175 - Velocimacro : adding VMs from VM library template : VM_global_library.vm
2020-11-18 23:33:18,177 - ResourceManager : unable to find resource 'VM_global_library.vm' in any resource loader.
2020-11-18 23:33:18,177 - Velocimacro : error using  VM library template VM_global_library.vm : org.apache.velocity.exception.ResourceNotFoundException: Unable to find resource 'VM_global_library.vm'
2020-11-18 23:33:18,177 - Velocimacro :  VM library template macro registration complete.
2020-11-18 23:33:18,177 - Velocimacro : allowInline = true : VMs can be defined inline in templates
2020-11-18 23:33:18,177 - Velocimacro : allowInlineToOverride = false : VMs defined inline may NOT replace previous VM definitions
2020-11-18 23:33:18,177 - Velocimacro : allowInlineLocal = false : VMs defined inline will be  global in scope if allowed.
2020-11-18 23:33:18,177 - Velocimacro : messages on  : VM system will output logging messages
2020-11-18 23:33:18,177 - Velocimacro : autoload off  : VM system will not automatically reload global library macros
2020-11-18 23:33:18,177 - Velocimacro : initialization complete.
2020-11-18 23:33:18,177 - Velocity successfully started.
2020-11-18 23:38:35,945 - SimpleLog4JLogSystem initialized using logfile 'velocity.log'
2020-11-18 23:38:35,945 - ************************************************************** 
2020-11-18 23:38:35,945 - Starting Jakarta Velocity v1.4
2020-11-18 23:38:35,945 - RuntimeInstance initializing.
2020-11-18 23:38:35,945 - Default Properties File: org\apache\velocity\runtime\defaults\velocity.properties
2020-11-18 23:38:35,945 - Trying to use logger class org.apache.velocity.runtime.log.SimpleLog4JLogSystem
2020-11-18 23:38:35,945 - Using logger class org.apache.velocity.runtime.log.SimpleLog4JLogSystem
2020-11-18 23:38:35,947 - Default ResourceManager initializing. (class org.apache.velocity.runtime.resource.ResourceManagerImpl)
2020-11-18 23:38:35,949 - Resource Loader Instantiated: org.apache.velocity.runtime.resource.loader.ClasspathResourceLoader
2020-11-18 23:38:35,949 - ClasspathResourceLoader : initialization starting.
2020-11-18 23:38:35,949 - ClasspathResourceLoader : initialization complete.
2020-11-18 23:38:35,950 - ResourceCache : initialized. (class org.apache.velocity.runtime.resource.ResourceCacheImpl)
2020-11-18 23:38:35,950 - Default ResourceManager initialization complete.
2020-11-18 23:38:35,950 - Loaded System Directive: org.apache.velocity.runtime.directive.Literal
2020-11-18 23:38:35,951 - Loaded System Directive: org.apache.velocity.runtime.directive.Macro
2020-11-18 23:38:35,953 - Loaded System Directive: org.apache.velocity.runtime.directive.Parse
2020-11-18 23:38:35,954 - Loaded System Directive: org.apache.velocity.runtime.directive.Include
2020-11-18 23:38:35,955 - Loaded System Directive: org.apache.velocity.runtime.directive.Foreach
2020-11-18 23:38:35,978 - Created: 20 parsers.
2020-11-18 23:38:35,982 - Velocimacro : initialization starting.
2020-11-18 23:38:35,982 - Velocimacro : adding VMs from VM library template : VM_global_library.vm
2020-11-18 23:38:35,984 - ResourceManager : unable to find resource 'VM_global_library.vm' in any resource loader.
2020-11-18 23:38:35,985 - Velocimacro : error using  VM library template VM_global_library.vm : org.apache.velocity.exception.ResourceNotFoundException: Unable to find resource 'VM_global_library.vm'
2020-11-18 23:38:35,985 - Velocimacro :  VM library template macro registration complete.
2020-11-18 23:38:35,985 - Velocimacro : allowInline = true : VMs can be defined inline in templates
2020-11-18 23:38:35,985 - Velocimacro : allowInlineToOverride = false : VMs defined inline may NOT replace previous VM definitions
2020-11-18 23:38:35,985 - Velocimacro : allowInlineLocal = false : VMs defined inline will be  global in scope if allowed.
2020-11-18 23:38:35,985 - Velocimacro : messages on  : VM system will output logging messages
2020-11-18 23:38:35,985 - Velocimacro : autoload off  : VM system will not automatically reload global library macros
2020-11-18 23:38:35,985 - Velocimacro : initialization complete.
2020-11-18 23:38:35,985 - Velocity successfully started.
2020-11-18 23:39:34,619 - SimpleLog4JLogSystem initialized using logfile 'velocity.log'
2020-11-18 23:39:34,619 - ************************************************************** 
2020-11-18 23:39:34,619 - Starting Jakarta Velocity v1.4
2020-11-18 23:39:34,620 - RuntimeInstance initializing.
2020-11-18 23:39:34,620 - Default Properties File: org\apache\velocity\runtime\defaults\velocity.properties
2020-11-18 23:39:34,620 - Trying to use logger class org.apache.velocity.runtime.log.SimpleLog4JLogSystem
2020-11-18 23:39:34,620 - Using logger class org.apache.velocity.runtime.log.SimpleLog4JLogSystem
2020-11-18 23:39:34,621 - Default ResourceManager initializing. (class org.apache.velocity.runtime.resource.ResourceManagerImpl)
2020-11-18 23:39:34,622 - Resource Loader Instantiated: org.apache.velocity.runtime.resource.loader.ClasspathResourceLoader
2020-11-18 23:39:34,622 - ClasspathResourceLoader : initialization starting.
2020-11-18 23:39:34,622 - ClasspathResourceLoader : initialization complete.
2020-11-18 23:39:34,624 - ResourceCache : initialized. (class org.apache.velocity.runtime.resource.ResourceCacheImpl)
2020-11-18 23:39:34,624 - Default ResourceManager initialization complete.
2020-11-18 23:39:34,625 - Loaded System Directive: org.apache.velocity.runtime.directive.Literal
2020-11-18 23:39:34,626 - Loaded System Directive: org.apache.velocity.runtime.directive.Macro
2020-11-18 23:39:34,627 - Loaded System Directive: org.apache.velocity.runtime.directive.Parse
2020-11-18 23:39:34,628 - Loaded System Directive: org.apache.velocity.runtime.directive.Include
2020-11-18 23:39:34,629 - Loaded System Directive: org.apache.velocity.runtime.directive.Foreach
2020-11-18 23:39:34,653 - Created: 20 parsers.
2020-11-18 23:39:34,656 - Velocimacro : initialization starting.
2020-11-18 23:39:34,657 - Velocimacro : adding VMs from VM library template : VM_global_library.vm
2020-11-18 23:39:34,658 - ResourceManager : unable to find resource 'VM_global_library.vm' in any resource loader.
2020-11-18 23:39:34,658 - Velocimacro : error using  VM library template VM_global_library.vm : org.apache.velocity.exception.ResourceNotFoundException: Unable to find resource 'VM_global_library.vm'
2020-11-18 23:39:34,658 - Velocimacro :  VM library template macro registration complete.
2020-11-18 23:39:34,658 - Velocimacro : allowInline = true : VMs can be defined inline in templates
2020-11-18 23:39:34,658 - Velocimacro : allowInlineToOverride = false : VMs defined inline may NOT replace previous VM definitions
2020-11-18 23:39:34,658 - Velocimacro : allowInlineLocal = false : VMs defined inline will be  global in scope if allowed.
2020-11-18 23:39:34,658 - Velocimacro : messages on  : VM system will output logging messages
2020-11-18 23:39:34,659 - Velocimacro : autoload off  : VM system will not automatically reload global library macros
2020-11-18 23:39:34,659 - Velocimacro : initialization complete.
2020-11-18 23:39:34,659 - Velocity successfully started.
2020-11-18 23:41:41,829 - SimpleLog4JLogSystem initialized using logfile 'velocity.log'
2020-11-18 23:41:41,829 - ************************************************************** 
2020-11-18 23:41:41,829 - Starting Jakarta Velocity v1.4
2020-11-18 23:41:41,829 - RuntimeInstance initializing.
2020-11-18 23:41:41,829 - Default Properties File: org\apache\velocity\runtime\defaults\velocity.properties
2020-11-18 23:41:41,829 - Trying to use logger class org.apache.velocity.runtime.log.SimpleLog4JLogSystem
2020-11-18 23:41:41,829 - Using logger class org.apache.velocity.runtime.log.SimpleLog4JLogSystem
2020-11-18 23:41:41,831 - Default ResourceManager initializing. (class org.apache.velocity.runtime.resource.ResourceManagerImpl)
2020-11-18 23:41:41,831 - Resource Loader Instantiated: org.apache.velocity.runtime.resource.loader.ClasspathResourceLoader
2020-11-18 23:41:41,831 - ClasspathResourceLoader : initialization starting.
2020-11-18 23:41:41,831 - ClasspathResourceLoader : initialization complete.
2020-11-18 23:41:41,833 - ResourceCache : initialized. (class org.apache.velocity.runtime.resource.ResourceCacheImpl)
2020-11-18 23:41:41,833 - Default ResourceManager initialization complete.
2020-11-18 23:41:41,834 - Loaded System Directive: org.apache.velocity.runtime.directive.Literal
2020-11-18 23:41:41,835 - Loaded System Directive: org.apache.velocity.runtime.directive.Macro
2020-11-18 23:41:41,836 - Loaded System Directive: org.apache.velocity.runtime.directive.Parse
2020-11-18 23:41:41,837 - Loaded System Directive: org.apache.velocity.runtime.directive.Include
2020-11-18 23:41:41,838 - Loaded System Directive: org.apache.velocity.runtime.directive.Foreach
2020-11-18 23:41:41,861 - Created: 20 parsers.
2020-11-18 23:41:41,864 - Velocimacro : initialization starting.
2020-11-18 23:41:41,865 - Velocimacro : adding VMs from VM library template : VM_global_library.vm
2020-11-18 23:41:41,866 - ResourceManager : unable to find resource 'VM_global_library.vm' in any resource loader.
2020-11-18 23:41:41,866 - Velocimacro : error using  VM library template VM_global_library.vm : org.apache.velocity.exception.ResourceNotFoundException: Unable to find resource 'VM_global_library.vm'
2020-11-18 23:41:41,866 - Velocimacro :  VM library template macro registration complete.
2020-11-18 23:41:41,866 - Velocimacro : allowInline = true : VMs can be defined inline in templates
2020-11-18 23:41:41,866 - Velocimacro : allowInlineToOverride = false : VMs defined inline may NOT replace previous VM definitions
2020-11-18 23:41:41,866 - Velocimacro : allowInlineLocal = false : VMs defined inline will be  global in scope if allowed.
2020-11-18 23:41:41,867 - Velocimacro : messages on  : VM system will output logging messages
2020-11-18 23:41:41,867 - Velocimacro : autoload off  : VM system will not automatically reload global library macros
2020-11-18 23:41:41,867 - Velocimacro : initialization complete.
2020-11-18 23:41:41,867 - Velocity successfully started.
2020-11-18 23:43:06,269 - SimpleLog4JLogSystem initialized using logfile 'velocity.log'
2020-11-18 23:43:06,270 - ************************************************************** 
2020-11-18 23:43:06,270 - Starting Jakarta Velocity v1.4
2020-11-18 23:43:06,270 - RuntimeInstance initializing.
2020-11-18 23:43:06,270 - Default Properties File: org\apache\velocity\runtime\defaults\velocity.properties
2020-11-18 23:43:06,270 - Trying to use logger class org.apache.velocity.runtime.log.SimpleLog4JLogSystem
2020-11-18 23:43:06,270 - Using logger class org.apache.velocity.runtime.log.SimpleLog4JLogSystem
2020-11-18 23:43:06,271 - Default ResourceManager initializing. (class org.apache.velocity.runtime.resource.ResourceManagerImpl)
2020-11-18 23:43:06,273 - Resource Loader Instantiated: org.apache.velocity.runtime.resource.loader.ClasspathResourceLoader
2020-11-18 23:43:06,273 - ClasspathResourceLoader : initialization starting.
2020-11-18 23:43:06,274 - ClasspathResourceLoader : initialization complete.
2020-11-18 23:43:06,274 - ResourceCache : initialized. (class org.apache.velocity.runtime.resource.ResourceCacheImpl)
2020-11-18 23:43:06,274 - Default ResourceManager initialization complete.
2020-11-18 23:43:06,275 - Loaded System Directive: org.apache.velocity.runtime.directive.Literal
2020-11-18 23:43:06,276 - Loaded System Directive: org.apache.velocity.runtime.directive.Macro
2020-11-18 23:43:06,278 - Loaded System Directive: org.apache.velocity.runtime.directive.Parse
2020-11-18 23:43:06,278 - Loaded System Directive: org.apache.velocity.runtime.directive.Include
2020-11-18 23:43:06,279 - Loaded System Directive: org.apache.velocity.runtime.directive.Foreach
2020-11-18 23:43:06,302 - Created: 20 parsers.
2020-11-18 23:43:06,306 - Velocimacro : initialization starting.
2020-11-18 23:43:06,306 - Velocimacro : adding VMs from VM library template : VM_global_library.vm
2020-11-18 23:43:06,307 - ResourceManager : unable to find resource 'VM_global_library.vm' in any resource loader.
2020-11-18 23:43:06,308 - Velocimacro : error using  VM library template VM_global_library.vm : org.apache.velocity.exception.ResourceNotFoundException: Unable to find resource 'VM_global_library.vm'
2020-11-18 23:43:06,308 - Velocimacro :  VM library template macro registration complete.
2020-11-18 23:43:06,308 - Velocimacro : allowInline = true : VMs can be defined inline in templates
2020-11-18 23:43:06,308 - Velocimacro : allowInlineToOverride = false : VMs defined inline may NOT replace previous VM definitions
2020-11-18 23:43:06,308 - Velocimacro : allowInlineLocal = false : VMs defined inline will be  global in scope if allowed.
2020-11-18 23:43:06,308 - Velocimacro : messages on  : VM system will output logging messages
2020-11-18 23:43:06,308 - Velocimacro : autoload off  : VM system will not automatically reload global library macros
2020-11-18 23:43:06,308 - Velocimacro : initialization complete.
2020-11-18 23:43:06,308 - Velocity successfully started.
2020-11-18 23:43:58,184 - SimpleLog4JLogSystem initialized using logfile 'velocity.log'
2020-11-18 23:43:58,184 - ************************************************************** 
2020-11-18 23:43:58,184 - Starting Jakarta Velocity v1.4
2020-11-18 23:43:58,185 - RuntimeInstance initializing.
2020-11-18 23:43:58,185 - Default Properties File: org\apache\velocity\runtime\defaults\velocity.properties
2020-11-18 23:43:58,185 - Trying to use logger class org.apache.velocity.runtime.log.SimpleLog4JLogSystem
2020-11-18 23:43:58,185 - Using logger class org.apache.velocity.runtime.log.SimpleLog4JLogSystem
2020-11-18 23:43:58,186 - Default ResourceManager initializing. (class org.apache.velocity.runtime.resource.ResourceManagerImpl)
2020-11-18 23:43:58,188 - Resource Loader Instantiated: org.apache.velocity.runtime.resource.loader.ClasspathResourceLoader
2020-11-18 23:43:58,188 - ClasspathResourceLoader : initialization starting.
2020-11-18 23:43:58,188 - ClasspathResourceLoader : initialization complete.
2020-11-18 23:43:58,189 - ResourceCache : initialized. (class org.apache.velocity.runtime.resource.ResourceCacheImpl)
2020-11-18 23:43:58,189 - Default ResourceManager initialization complete.
2020-11-18 23:43:58,190 - Loaded System Directive: org.apache.velocity.runtime.directive.Literal
2020-11-18 23:43:58,190 - Loaded System Directive: org.apache.velocity.runtime.directive.Macro
2020-11-18 23:43:58,192 - Loaded System Directive: org.apache.velocity.runtime.directive.Parse
2020-11-18 23:43:58,193 - Loaded System Directive: org.apache.velocity.runtime.directive.Include
2020-11-18 23:43:58,193 - Loaded System Directive: org.apache.velocity.runtime.directive.Foreach
2020-11-18 23:43:58,215 - Created: 20 parsers.
2020-11-18 23:43:58,219 - Velocimacro : initialization starting.
2020-11-18 23:43:58,219 - Velocimacro : adding VMs from VM library template : VM_global_library.vm
2020-11-18 23:43:58,221 - ResourceManager : unable to find resource 'VM_global_library.vm' in any resource loader.
2020-11-18 23:43:58,221 - Velocimacro : error using  VM library template VM_global_library.vm : org.apache.velocity.exception.ResourceNotFoundException: Unable to find resource 'VM_global_library.vm'
2020-11-18 23:43:58,221 - Velocimacro :  VM library template macro registration complete.
2020-11-18 23:43:58,221 - Velocimacro : allowInline = true : VMs can be defined inline in templates
2020-11-18 23:43:58,221 - Velocimacro : allowInlineToOverride = false : VMs defined inline may NOT replace previous VM definitions
2020-11-18 23:43:58,221 - Velocimacro : allowInlineLocal = false : VMs defined inline will be  global in scope if allowed.
2020-11-18 23:43:58,221 - Velocimacro : messages on  : VM system will output logging messages
2020-11-18 23:43:58,221 - Velocimacro : autoload off  : VM system will not automatically reload global library macros
2020-11-18 23:43:58,221 - Velocimacro : initialization complete.
2020-11-18 23:43:58,221 - Velocity successfully started.
2020-11-18 23:49:09,054 - SimpleLog4JLogSystem initialized using logfile 'velocity.log'
2020-11-18 23:49:09,054 - ************************************************************** 
2020-11-18 23:49:09,054 - Starting Jakarta Velocity v1.4
2020-11-18 23:49:09,054 - RuntimeInstance initializing.
2020-11-18 23:49:09,054 - Default Properties File: org\apache\velocity\runtime\defaults\velocity.properties
2020-11-18 23:49:09,054 - Trying to use logger class org.apache.velocity.runtime.log.SimpleLog4JLogSystem
2020-11-18 23:49:09,055 - Using logger class org.apache.velocity.runtime.log.SimpleLog4JLogSystem
2020-11-18 23:49:09,056 - Default ResourceManager initializing. (class org.apache.velocity.runtime.resource.ResourceManagerImpl)
2020-11-18 23:49:09,057 - Resource Loader Instantiated: org.apache.velocity.runtime.resource.loader.ClasspathResourceLoader
2020-11-18 23:49:09,057 - ClasspathResourceLoader : initialization starting.
2020-11-18 23:49:09,057 - ClasspathResourceLoader : initialization complete.
2020-11-18 23:49:09,058 - ResourceCache : initialized. (class org.apache.velocity.runtime.resource.ResourceCacheImpl)
2020-11-18 23:49:09,058 - Default ResourceManager initialization complete.
2020-11-18 23:49:09,059 - Loaded System Directive: org.apache.velocity.runtime.directive.Literal
2020-11-18 23:49:09,060 - Loaded System Directive: org.apache.velocity.runtime.directive.Macro
2020-11-18 23:49:09,061 - Loaded System Directive: org.apache.velocity.runtime.directive.Parse
2020-11-18 23:49:09,062 - Loaded System Directive: org.apache.velocity.runtime.directive.Include
2020-11-18 23:49:09,062 - Loaded System Directive: org.apache.velocity.runtime.directive.Foreach
2020-11-18 23:49:09,085 - Created: 20 parsers.
2020-11-18 23:49:09,088 - Velocimacro : initialization starting.
2020-11-18 23:49:09,088 - Velocimacro : adding VMs from VM library template : VM_global_library.vm
2020-11-18 23:49:09,090 - ResourceManager : unable to find resource 'VM_global_library.vm' in any resource loader.
2020-11-18 23:49:09,090 - Velocimacro : error using  VM library template VM_global_library.vm : org.apache.velocity.exception.ResourceNotFoundException: Unable to find resource 'VM_global_library.vm'
2020-11-18 23:49:09,090 - Velocimacro :  VM library template macro registration complete.
2020-11-18 23:49:09,090 - Velocimacro : allowInline = true : VMs can be defined inline in templates
2020-11-18 23:49:09,090 - Velocimacro : allowInlineToOverride = false : VMs defined inline may NOT replace previous VM definitions
2020-11-18 23:49:09,090 - Velocimacro : allowInlineLocal = false : VMs defined inline will be  global in scope if allowed.
2020-11-18 23:49:09,090 - Velocimacro : messages on  : VM system will output logging messages
2020-11-18 23:49:09,090 - Velocimacro : autoload off  : VM system will not automatically reload global library macros
2020-11-18 23:49:09,090 - Velocimacro : initialization complete.
2020-11-18 23:49:09,090 - Velocity successfully started.
2020-11-18 23:50:02,851 - SimpleLog4JLogSystem initialized using logfile 'velocity.log'
2020-11-18 23:50:02,851 - ************************************************************** 
2020-11-18 23:50:02,851 - Starting Jakarta Velocity v1.4
2020-11-18 23:50:02,851 - RuntimeInstance initializing.
2020-11-18 23:50:02,851 - Default Properties File: org\apache\velocity\runtime\defaults\velocity.properties
2020-11-18 23:50:02,851 - Trying to use logger class org.apache.velocity.runtime.log.SimpleLog4JLogSystem
2020-11-18 23:50:02,852 - Using logger class org.apache.velocity.runtime.log.SimpleLog4JLogSystem
2020-11-18 23:50:02,854 - Default ResourceManager initializing. (class org.apache.velocity.runtime.resource.ResourceManagerImpl)
2020-11-18 23:50:02,855 - Resource Loader Instantiated: org.apache.velocity.runtime.resource.loader.ClasspathResourceLoader
2020-11-18 23:50:02,855 - ClasspathResourceLoader : initialization starting.
2020-11-18 23:50:02,855 - ClasspathResourceLoader : initialization complete.
2020-11-18 23:50:02,858 - ResourceCache : initialized. (class org.apache.velocity.runtime.resource.ResourceCacheImpl)
2020-11-18 23:50:02,858 - Default ResourceManager initialization complete.
2020-11-18 23:50:02,859 - Loaded System Directive: org.apache.velocity.runtime.directive.Literal
2020-11-18 23:50:02,860 - Loaded System Directive: org.apache.velocity.runtime.directive.Macro
2020-11-18 23:50:02,862 - Loaded System Directive: org.apache.velocity.runtime.directive.Parse
2020-11-18 23:50:02,863 - Loaded System Directive: org.apache.velocity.runtime.directive.Include
2020-11-18 23:50:02,864 - Loaded System Directive: org.apache.velocity.runtime.directive.Foreach
2020-11-18 23:50:02,890 - Created: 20 parsers.
2020-11-18 23:50:02,895 - Velocimacro : initialization starting.
2020-11-18 23:50:02,895 - Velocimacro : adding VMs from VM library template : VM_global_library.vm
2020-11-18 23:50:02,897 - ResourceManager : unable to find resource 'VM_global_library.vm' in any resource loader.
2020-11-18 23:50:02,897 - Velocimacro : error using  VM library template VM_global_library.vm : org.apache.velocity.exception.ResourceNotFoundException: Unable to find resource 'VM_global_library.vm'
2020-11-18 23:50:02,897 - Velocimacro :  VM library template macro registration complete.
2020-11-18 23:50:02,897 - Velocimacro : allowInline = true : VMs can be defined inline in templates
2020-11-18 23:50:02,897 - Velocimacro : allowInlineToOverride = false : VMs defined inline may NOT replace previous VM definitions
2020-11-18 23:50:02,897 - Velocimacro : allowInlineLocal = false : VMs defined inline will be  global in scope if allowed.
2020-11-18 23:50:02,897 - Velocimacro : messages on  : VM system will output logging messages
2020-11-18 23:50:02,897 - Velocimacro : autoload off  : VM system will not automatically reload global library macros
2020-11-18 23:50:02,897 - Velocimacro : initialization complete.
2020-11-18 23:50:02,897 - Velocity successfully started.
